2018-10-25 14:52:10 [INFO]-[com.opc.demo.OpcdemoApplication] Starting OpcdemoApplication on AlwaysFrin with PID 116572 (D:\STSTool\opc-client-tool\target\classes started by HP in D:\STSTool\opc-client-tool)
2018-10-25 14:52:10 [INFO]-[com.opc.demo.OpcdemoApplication] No active profile set, falling back to default profiles: default
2018-10-25 14:52:10 [INFO]-[org.springframework.boot.web.servlet.context.AnnotationConfigServletWebServerApplicationContext] Refreshing org.springframework.boot.web.servlet.context.AnnotationConfigServletWebServerApplicationContext@480253: startup date [Thu Oct 25 14:52:10 CST 2018]; root of context hierarchy
2018-10-25 14:52:12 [INFO]-[org.springframework.boot.web.embedded.tomcat.TomcatWebServer] Tomcat initialized with port(s): 8888 (http)
2018-10-25 14:52:12 [INFO]-[org.springframework.web.context.ContextLoader] Root WebApplicationContext: initialization completed in 2096 ms
2018-10-25 14:52:12 [INFO]-[org.springframework.boot.web.servlet.ServletRegistrationBean] Servlet dispatcherServlet mapped to [/]
2018-10-25 14:52:12 [INFO]-[org.springframework.boot.web.servlet.FilterRegistrationBean] Mapping filter: 'characterEncodingFilter' to: [/*]
2018-10-25 14:52:12 [INFO]-[org.springframework.boot.web.servlet.FilterRegistrationBean] Mapping filter: 'hiddenHttpMethodFilter' to: [/*]
2018-10-25 14:52:12 [INFO]-[org.springframework.boot.web.servlet.FilterRegistrationBean] Mapping filter: 'httpPutFormContentFilter' to: [/*]
2018-10-25 14:52:12 [INFO]-[org.springframework.boot.web.servlet.FilterRegistrationBean] Mapping filter: 'requestContextFilter' to: [/*]
2018-10-25 14:52:13 [INFO]-[org.springframework.web.servlet.mvc.method.annotation.RequestMappingHandlerMapping] Mapped "{[/query],methods=[POST]}" onto public com.opc.pojo.ResultBean com.opc.controller.OpcRestfulService.query(com.opc.pojo.OpcModel,javax.servlet.http.HttpServletResponse) throws java.io.IOException
2018-10-25 14:52:13 [INFO]-[org.springframework.web.servlet.mvc.method.annotation.RequestMappingHandlerMapping] Mapped "{[/edit],methods=[POST]}" onto public com.opc.pojo.ResultBean com.opc.controller.OpcRestfulService.edit(com.opc.pojo.OpcModel,java.lang.String,javax.servlet.http.HttpServletResponse) throws java.io.IOException
2018-10-25 14:52:13 [INFO]-[org.springframework.web.servlet.mvc.method.annotation.RequestMappingHandlerMapping] Mapped "{[/index],methods=[GET]}" onto public java.lang.String com.opc.controller.OpcService.index(org.springframework.ui.Model)
2018-10-25 14:52:13 [INFO]-[org.springframework.web.servlet.mvc.method.annotation.RequestMappingHandlerMapping] Mapped "{[/testopc],methods=[GET]}" onto public java.lang.String com.opc.controller.OpcService.getName()
2018-10-25 14:52:13 [INFO]-[org.springframework.web.servlet.mvc.method.annotation.RequestMappingHandlerMapping] Mapped "{[/queryparam],methods=[POST]}" onto public java.lang.String com.opc.controller.OpcService.queryparam(com.opc.pojo.OpcModel,org.springframework.ui.Model)
2018-10-25 14:52:13 [INFO]-[org.springframework.web.servlet.mvc.method.annotation.RequestMappingHandlerMapping] Mapped "{[/editparam],methods=[POST]}" onto public java.lang.String com.opc.controller.OpcService.editparam(com.opc.pojo.OpcModel,java.lang.String,org.springframework.ui.Model)
2018-10-25 14:52:13 [INFO]-[org.springframework.web.servlet.mvc.method.annotation.RequestMappingHandlerMapping] Mapped "{[/swagger-resources/configuration/security]}" onto public org.springframework.http.ResponseEntity<springfox.documentation.swagger.web.SecurityConfiguration> springfox.documentation.swagger.web.ApiResourceController.securityConfiguration()
2018-10-25 14:52:13 [INFO]-[org.springframework.web.servlet.mvc.method.annotation.RequestMappingHandlerMapping] Mapped "{[/swagger-resources]}" onto public org.springframework.http.ResponseEntity<java.util.List<springfox.documentation.swagger.web.SwaggerResource>> springfox.documentation.swagger.web.ApiResourceController.swaggerResources()
2018-10-25 14:52:13 [INFO]-[org.springframework.web.servlet.mvc.method.annotation.RequestMappingHandlerMapping] Mapped "{[/swagger-resources/configuration/ui]}" onto public org.springframework.http.ResponseEntity<springfox.documentation.swagger.web.UiConfiguration> springfox.documentation.swagger.web.ApiResourceController.uiConfiguration()
2018-10-25 14:52:13 [INFO]-[org.springframework.web.servlet.mvc.method.annotation.RequestMappingHandlerMapping] Mapped "{[/error]}" onto public org.springframework.http.ResponseEntity<java.util.Map<java.lang.String, java.lang.Object>> org.springframework.boot.autoconfigure.web.servlet.error.BasicErrorController.error(javax.servlet.http.HttpServletRequest)
2018-10-25 14:52:13 [INFO]-[org.springframework.web.servlet.mvc.method.annotation.RequestMappingHandlerMapping] Mapped "{[/error],produces=[text/html]}" onto public org.springframework.web.servlet.ModelAndView org.springframework.boot.autoconfigure.web.servlet.error.BasicErrorController.errorHtml(javax.servlet.http.HttpServletRequest,javax.servlet.http.HttpServletResponse)
2018-10-25 14:52:13 [INFO]-[springfox.documentation.spring.web.PropertySourcedRequestMappingHandlerMapping] Mapped URL path [/v2/api-docs] onto method [public org.springframework.http.ResponseEntity<springfox.documentation.spring.web.json.Json> springfox.documentation.swagger2.web.Swagger2Controller.getDocumentation(java.lang.String,javax.servlet.http.HttpServletRequest)]
2018-10-25 14:52:13 [INFO]-[org.springframework.web.servlet.handler.SimpleUrlHandlerMapping] Mapped URL path [/**/favicon.ico] onto handler of type [class org.springframework.web.servlet.resource.ResourceHttpRequestHandler]
2018-10-25 14:52:13 [INFO]-[org.springframework.web.servlet.mvc.method.annotation.RequestMappingHandlerAdapter] Looking for @ControllerAdvice: org.springframework.boot.web.servlet.context.AnnotationConfigServletWebServerApplicationContext@480253: startup date [Thu Oct 25 14:52:10 CST 2018]; root of context hierarchy
2018-10-25 14:52:13 [INFO]-[org.springframework.web.servlet.handler.SimpleUrlHandlerMapping] Mapped URL path [/webjars/**] onto handler of type [class org.springframework.web.servlet.resource.ResourceHttpRequestHandler]
2018-10-25 14:52:13 [INFO]-[org.springframework.web.servlet.handler.SimpleUrlHandlerMapping] Mapped URL path [/**] onto handler of type [class org.springframework.web.servlet.resource.ResourceHttpRequestHandler]
2018-10-25 14:52:13 [INFO]-[org.springframework.boot.autoconfigure.web.servlet.WelcomePageHandlerMapping] Adding welcome page template: index
2018-10-25 14:52:13 [INFO]-[org.springframework.web.servlet.view.freemarker.FreeMarkerConfigurer] ClassTemplateLoader for Spring macros added to FreeMarker configuration
2018-10-25 14:52:14 [INFO]-[org.springframework.boot.devtools.autoconfigure.OptionalLiveReloadServer] LiveReload server is running on port 35729
2018-10-25 14:52:14 [INFO]-[org.springframework.jmx.export.annotation.AnnotationMBeanExporter] Registering beans for JMX exposure on startup
2018-10-25 14:52:14 [INFO]-[org.springframework.context.support.DefaultLifecycleProcessor] Starting beans in phase 2147483647
2018-10-25 14:52:14 [INFO]-[org.springframework.boot.web.embedded.tomcat.TomcatWebServer] Tomcat started on port(s): 8888 (http) with context path '/opc'
2018-10-25 14:52:14 [INFO]-[com.opc.demo.OpcdemoApplication] Started OpcdemoApplication in 4.76 seconds (JVM running for 6.656)
2018-10-25 14:52:31 [INFO]-[org.springframework.web.servlet.DispatcherServlet] FrameworkServlet 'dispatcherServlet': initialization started
2018-10-25 14:52:31 [INFO]-[org.springframework.web.servlet.DispatcherServlet] FrameworkServlet 'dispatcherServlet': initialization completed in 13 ms
2018-10-25 14:53:09 [INFO]-[org.springframework.boot.admin.SpringApplicationAdminMXBeanRegistrar$SpringApplicationAdmin] Application shutdown requested.
2018-10-25 14:53:09 [INFO]-[org.springframework.boot.web.servlet.context.AnnotationConfigServletWebServerApplicationContext] Closing org.springframework.boot.web.servlet.context.AnnotationConfigServletWebServerApplicationContext@480253: startup date [Thu Oct 25 14:52:10 CST 2018]; root of context hierarchy
2018-10-25 14:53:09 [INFO]-[org.springframework.context.support.DefaultLifecycleProcessor] Stopping beans in phase 2147483647
2018-10-25 14:53:09 [INFO]-[org.springframework.jmx.export.annotation.AnnotationMBeanExporter] Unregistering JMX-exposed beans on shutdown
2018-10-25 15:01:49 [INFO]-[com.opc.demo.OpcdemoApplication] Starting OpcdemoApplication on AlwaysFrin with PID 27016 (D:\STSTool\opc-client-tool\target\classes started by HP in D:\STSTool\opc-client-tool)
2018-10-25 15:01:49 [INFO]-[com.opc.demo.OpcdemoApplication] No active profile set, falling back to default profiles: default
2018-10-25 15:01:49 [INFO]-[org.springframework.boot.web.servlet.context.AnnotationConfigServletWebServerApplicationContext] Refreshing org.springframework.boot.web.servlet.context.AnnotationConfigServletWebServerApplicationContext@13227cb: startup date [Thu Oct 25 15:01:49 CST 2018]; root of context hierarchy
2018-10-25 15:01:50 [INFO]-[org.springframework.boot.web.embedded.tomcat.TomcatWebServer] Tomcat initialized with port(s): 8888 (http)
2018-10-25 15:01:50 [INFO]-[org.springframework.web.context.ContextLoader] Root WebApplicationContext: initialization completed in 1147 ms
2018-10-25 15:01:50 [INFO]-[org.springframework.boot.web.servlet.ServletRegistrationBean] Servlet dispatcherServlet mapped to [/]
2018-10-25 15:01:50 [INFO]-[org.springframework.boot.web.servlet.FilterRegistrationBean] Mapping filter: 'characterEncodingFilter' to: [/*]
2018-10-25 15:01:50 [INFO]-[org.springframework.boot.web.servlet.FilterRegistrationBean] Mapping filter: 'hiddenHttpMethodFilter' to: [/*]
2018-10-25 15:01:50 [INFO]-[org.springframework.boot.web.servlet.FilterRegistrationBean] Mapping filter: 'httpPutFormContentFilter' to: [/*]
2018-10-25 15:01:50 [INFO]-[org.springframework.boot.web.servlet.FilterRegistrationBean] Mapping filter: 'requestContextFilter' to: [/*]
2018-10-25 15:01:51 [INFO]-[org.springframework.web.servlet.mvc.method.annotation.RequestMappingHandlerMapping] Mapped "{[/query],methods=[POST]}" onto public com.opc.pojo.ResultBean com.opc.controller.OpcRestfulService.query(com.opc.pojo.OpcModel,javax.servlet.http.HttpServletResponse) throws java.io.IOException
2018-10-25 15:01:51 [INFO]-[org.springframework.web.servlet.mvc.method.annotation.RequestMappingHandlerMapping] Mapped "{[/edit],methods=[POST]}" onto public com.opc.pojo.ResultBean com.opc.controller.OpcRestfulService.edit(com.opc.pojo.OpcModel,java.lang.String,javax.servlet.http.HttpServletResponse) throws java.io.IOException
2018-10-25 15:01:51 [INFO]-[org.springframework.web.servlet.mvc.method.annotation.RequestMappingHandlerMapping] Mapped "{[/index],methods=[GET]}" onto public java.lang.String com.opc.controller.OpcService.index(org.springframework.ui.Model)
2018-10-25 15:01:51 [INFO]-[org.springframework.web.servlet.mvc.method.annotation.RequestMappingHandlerMapping] Mapped "{[/testopc],methods=[GET]}" onto public java.lang.String com.opc.controller.OpcService.getName()
2018-10-25 15:01:51 [INFO]-[org.springframework.web.servlet.mvc.method.annotation.RequestMappingHandlerMapping] Mapped "{[/queryparam],methods=[POST]}" onto public java.lang.String com.opc.controller.OpcService.queryparam(com.opc.pojo.OpcModel,org.springframework.ui.Model)
2018-10-25 15:01:51 [INFO]-[org.springframework.web.servlet.mvc.method.annotation.RequestMappingHandlerMapping] Mapped "{[/editparam],methods=[POST]}" onto public java.lang.String com.opc.controller.OpcService.editparam(com.opc.pojo.OpcModel,java.lang.String,org.springframework.ui.Model)
2018-10-25 15:01:51 [INFO]-[org.springframework.web.servlet.mvc.method.annotation.RequestMappingHandlerMapping] Mapped "{[/swagger-resources/configuration/security]}" onto public org.springframework.http.ResponseEntity<springfox.documentation.swagger.web.SecurityConfiguration> springfox.documentation.swagger.web.ApiResourceController.securityConfiguration()
2018-10-25 15:01:51 [INFO]-[org.springframework.web.servlet.mvc.method.annotation.RequestMappingHandlerMapping] Mapped "{[/swagger-resources/configuration/ui]}" onto public org.springframework.http.ResponseEntity<springfox.documentation.swagger.web.UiConfiguration> springfox.documentation.swagger.web.ApiResourceController.uiConfiguration()
2018-10-25 15:01:51 [INFO]-[org.springframework.web.servlet.mvc.method.annotation.RequestMappingHandlerMapping] Mapped "{[/swagger-resources]}" onto public org.springframework.http.ResponseEntity<java.util.List<springfox.documentation.swagger.web.SwaggerResource>> springfox.documentation.swagger.web.ApiResourceController.swaggerResources()
2018-10-25 15:01:51 [INFO]-[org.springframework.web.servlet.mvc.method.annotation.RequestMappingHandlerMapping] Mapped "{[/error]}" onto public org.springframework.http.ResponseEntity<java.util.Map<java.lang.String, java.lang.Object>> org.springframework.boot.autoconfigure.web.servlet.error.BasicErrorController.error(javax.servlet.http.HttpServletRequest)
2018-10-25 15:01:51 [INFO]-[org.springframework.web.servlet.mvc.method.annotation.RequestMappingHandlerMapping] Mapped "{[/error],produces=[text/html]}" onto public org.springframework.web.servlet.ModelAndView org.springframework.boot.autoconfigure.web.servlet.error.BasicErrorController.errorHtml(javax.servlet.http.HttpServletRequest,javax.servlet.http.HttpServletResponse)
2018-10-25 15:01:51 [INFO]-[springfox.documentation.spring.web.PropertySourcedRequestMappingHandlerMapping] Mapped URL path [/v2/api-docs] onto method [public org.springframework.http.ResponseEntity<springfox.documentation.spring.web.json.Json> springfox.documentation.swagger2.web.Swagger2Controller.getDocumentation(java.lang.String,javax.servlet.http.HttpServletRequest)]
2018-10-25 15:01:51 [INFO]-[org.springframework.web.servlet.handler.SimpleUrlHandlerMapping] Mapped URL path [/**/favicon.ico] onto handler of type [class org.springframework.web.servlet.resource.ResourceHttpRequestHandler]
2018-10-25 15:01:51 [INFO]-[org.springframework.web.servlet.mvc.method.annotation.RequestMappingHandlerAdapter] Looking for @ControllerAdvice: org.springframework.boot.web.servlet.context.AnnotationConfigServletWebServerApplicationContext@13227cb: startup date [Thu Oct 25 15:01:49 CST 2018]; root of context hierarchy
2018-10-25 15:01:51 [INFO]-[org.springframework.web.servlet.handler.SimpleUrlHandlerMapping] Mapped URL path [/webjars/**] onto handler of type [class org.springframework.web.servlet.resource.ResourceHttpRequestHandler]
2018-10-25 15:01:51 [INFO]-[org.springframework.web.servlet.handler.SimpleUrlHandlerMapping] Mapped URL path [/**] onto handler of type [class org.springframework.web.servlet.resource.ResourceHttpRequestHandler]
2018-10-25 15:01:51 [INFO]-[org.springframework.boot.autoconfigure.web.servlet.WelcomePageHandlerMapping] Adding welcome page template: index
2018-10-25 15:01:51 [INFO]-[org.springframework.web.servlet.view.freemarker.FreeMarkerConfigurer] ClassTemplateLoader for Spring macros added to FreeMarker configuration
2018-10-25 15:01:51 [INFO]-[org.springframework.boot.devtools.autoconfigure.OptionalLiveReloadServer] LiveReload server is running on port 35729
2018-10-25 15:01:51 [INFO]-[org.springframework.jmx.export.annotation.AnnotationMBeanExporter] Registering beans for JMX exposure on startup
2018-10-25 15:01:51 [INFO]-[org.springframework.context.support.DefaultLifecycleProcessor] Starting beans in phase 2147483647
2018-10-25 15:01:51 [INFO]-[org.springframework.boot.web.embedded.tomcat.TomcatWebServer] Tomcat started on port(s): 8888 (http) with context path '/opc'
2018-10-25 15:01:51 [INFO]-[com.opc.demo.OpcdemoApplication] Started OpcdemoApplication in 2.515 seconds (JVM running for 3.372)
2018-10-25 15:02:20 [INFO]-[org.springframework.boot.web.servlet.context.AnnotationConfigServletWebServerApplicationContext] Closing org.springframework.boot.web.servlet.context.AnnotationConfigServletWebServerApplicationContext@13227cb: startup date [Thu Oct 25 15:01:49 CST 2018]; root of context hierarchy
2018-10-25 15:02:20 [INFO]-[org.springframework.context.support.DefaultLifecycleProcessor] Stopping beans in phase 2147483647
2018-10-25 15:02:20 [INFO]-[org.springframework.jmx.export.annotation.AnnotationMBeanExporter] Unregistering JMX-exposed beans on shutdown
2018-10-25 15:02:20 [ERROR]-[org.springframework.boot.SpringApplication] Application run failed
java.lang.UnsatisfiedLinkError: Native Library D:\STSTool\opc-client-tool\target\classes\JCustomOpc.dll already loaded in another classloader
	at java.lang.ClassLoader.loadLibrary0(ClassLoader.java:1907)
	at java.lang.ClassLoader.loadLibrary(ClassLoader.java:1824)
	at java.lang.Runtime.load0(Runtime.java:809)
	at java.lang.System.load(System.java:1086)
	at javafish.clients.opc.JCustomOpc.<clinit>(JCustomOpc.java:83)
	at com.opc.demo.OpcdemoApplication.lambda$0(OpcdemoApplication.java:35)
	at org.springframework.context.event.SimpleApplicationEventMulticaster.doInvokeListener(SimpleApplicationEventMulticaster.java:172)
	at org.springframework.context.event.SimpleApplicationEventMulticaster.invokeListener(SimpleApplicationEventMulticaster.java:165)
	at org.springframework.context.event.SimpleApplicationEventMulticaster.multicastEvent(SimpleApplicationEventMulticaster.java:139)
	at org.springframework.context.event.SimpleApplicationEventMulticaster.multicastEvent(SimpleApplicationEventMulticaster.java:127)
	at org.springframework.boot.context.event.EventPublishingRunListener.environmentPrepared(EventPublishingRunListener.java:74)
	at org.springframework.boot.SpringApplicationRunListeners.environmentPrepared(SpringApplicationRunListeners.java:54)
	at org.springframework.boot.SpringApplication.prepareEnvironment(SpringApplication.java:358)
	at org.springframework.boot.SpringApplication.run(SpringApplication.java:317)
	at com.opc.demo.OpcdemoApplication.main(OpcdemoApplication.java:57)
	at sun.reflect.NativeMethodAccessorImpl.invoke0(Native Method)
	at sun.reflect.NativeMethodAccessorImpl.invoke(NativeMethodAccessorImpl.java:62)
	at sun.reflect.DelegatingMethodAccessorImpl.invoke(DelegatingMethodAccessorImpl.java:43)
	at java.lang.reflect.Method.invoke(Method.java:498)
	at org.springframework.boot.devtools.restart.RestartLauncher.run(RestartLauncher.java:49)
2018-10-25 15:04:50 [INFO]-[com.opc.demo.OpcdemoApplication] Starting OpcdemoApplication on AlwaysFrin with PID 21224 (D:\STSTool\opc-client-tool\target\classes started by HP in D:\STSTool\opc-client-tool)
2018-10-25 15:04:50 [INFO]-[com.opc.demo.OpcdemoApplication] No active profile set, falling back to default profiles: default
2018-10-25 15:04:50 [INFO]-[org.springframework.boot.web.servlet.context.AnnotationConfigServletWebServerApplicationContext] Refreshing org.springframework.boot.web.servlet.context.AnnotationConfigServletWebServerApplicationContext@1e58796: startup date [Thu Oct 25 15:04:50 CST 2018]; root of context hierarchy
2018-10-25 15:04:51 [INFO]-[org.springframework.boot.web.embedded.tomcat.TomcatWebServer] Tomcat initialized with port(s): 8888 (http)
2018-10-25 15:04:51 [INFO]-[org.springframework.web.context.ContextLoader] Root WebApplicationContext: initialization completed in 1062 ms
2018-10-25 15:04:52 [INFO]-[org.springframework.boot.web.servlet.ServletRegistrationBean] Servlet dispatcherServlet mapped to [/]
2018-10-25 15:04:52 [INFO]-[org.springframework.boot.web.servlet.FilterRegistrationBean] Mapping filter: 'characterEncodingFilter' to: [/*]
2018-10-25 15:04:52 [INFO]-[org.springframework.boot.web.servlet.FilterRegistrationBean] Mapping filter: 'hiddenHttpMethodFilter' to: [/*]
2018-10-25 15:04:52 [INFO]-[org.springframework.boot.web.servlet.FilterRegistrationBean] Mapping filter: 'httpPutFormContentFilter' to: [/*]
2018-10-25 15:04:52 [INFO]-[org.springframework.boot.web.servlet.FilterRegistrationBean] Mapping filter: 'requestContextFilter' to: [/*]
2018-10-25 15:04:52 [INFO]-[org.springframework.web.servlet.mvc.method.annotation.RequestMappingHandlerMapping] Mapped "{[/query],methods=[POST]}" onto public com.opc.pojo.ResultBean com.opc.controller.OpcRestfulService.query(com.opc.pojo.OpcModel,javax.servlet.http.HttpServletResponse) throws java.io.IOException
2018-10-25 15:04:52 [INFO]-[org.springframework.web.servlet.mvc.method.annotation.RequestMappingHandlerMapping] Mapped "{[/edit],methods=[POST]}" onto public com.opc.pojo.ResultBean com.opc.controller.OpcRestfulService.edit(com.opc.pojo.OpcModel,java.lang.String,javax.servlet.http.HttpServletResponse) throws java.io.IOException
2018-10-25 15:04:52 [INFO]-[org.springframework.web.servlet.mvc.method.annotation.RequestMappingHandlerMapping] Mapped "{[/index],methods=[GET]}" onto public java.lang.String com.opc.controller.OpcService.index(org.springframework.ui.Model)
2018-10-25 15:04:52 [INFO]-[org.springframework.web.servlet.mvc.method.annotation.RequestMappingHandlerMapping] Mapped "{[/testopc],methods=[GET]}" onto public java.lang.String com.opc.controller.OpcService.getName()
2018-10-25 15:04:52 [INFO]-[org.springframework.web.servlet.mvc.method.annotation.RequestMappingHandlerMapping] Mapped "{[/editparam],methods=[POST]}" onto public java.lang.String com.opc.controller.OpcService.editparam(com.opc.pojo.OpcModel,java.lang.String,org.springframework.ui.Model)
2018-10-25 15:04:52 [INFO]-[org.springframework.web.servlet.mvc.method.annotation.RequestMappingHandlerMapping] Mapped "{[/queryparam],methods=[POST]}" onto public java.lang.String com.opc.controller.OpcService.queryparam(com.opc.pojo.OpcModel,org.springframework.ui.Model)
2018-10-25 15:04:52 [INFO]-[org.springframework.web.servlet.mvc.method.annotation.RequestMappingHandlerMapping] Mapped "{[/swagger-resources/configuration/security]}" onto public org.springframework.http.ResponseEntity<springfox.documentation.swagger.web.SecurityConfiguration> springfox.documentation.swagger.web.ApiResourceController.securityConfiguration()
2018-10-25 15:04:52 [INFO]-[org.springframework.web.servlet.mvc.method.annotation.RequestMappingHandlerMapping] Mapped "{[/swagger-resources]}" onto public org.springframework.http.ResponseEntity<java.util.List<springfox.documentation.swagger.web.SwaggerResource>> springfox.documentation.swagger.web.ApiResourceController.swaggerResources()
2018-10-25 15:04:52 [INFO]-[org.springframework.web.servlet.mvc.method.annotation.RequestMappingHandlerMapping] Mapped "{[/swagger-resources/configuration/ui]}" onto public org.springframework.http.ResponseEntity<springfox.documentation.swagger.web.UiConfiguration> springfox.documentation.swagger.web.ApiResourceController.uiConfiguration()
2018-10-25 15:04:52 [INFO]-[org.springframework.web.servlet.mvc.method.annotation.RequestMappingHandlerMapping] Mapped "{[/error]}" onto public org.springframework.http.ResponseEntity<java.util.Map<java.lang.String, java.lang.Object>> org.springframework.boot.autoconfigure.web.servlet.error.BasicErrorController.error(javax.servlet.http.HttpServletRequest)
2018-10-25 15:04:52 [INFO]-[org.springframework.web.servlet.mvc.method.annotation.RequestMappingHandlerMapping] Mapped "{[/error],produces=[text/html]}" onto public org.springframework.web.servlet.ModelAndView org.springframework.boot.autoconfigure.web.servlet.error.BasicErrorController.errorHtml(javax.servlet.http.HttpServletRequest,javax.servlet.http.HttpServletResponse)
2018-10-25 15:04:52 [INFO]-[springfox.documentation.spring.web.PropertySourcedRequestMappingHandlerMapping] Mapped URL path [/v2/api-docs] onto method [public org.springframework.http.ResponseEntity<springfox.documentation.spring.web.json.Json> springfox.documentation.swagger2.web.Swagger2Controller.getDocumentation(java.lang.String,javax.servlet.http.HttpServletRequest)]
2018-10-25 15:04:52 [INFO]-[org.springframework.web.servlet.handler.SimpleUrlHandlerMapping] Mapped URL path [/**/favicon.ico] onto handler of type [class org.springframework.web.servlet.resource.ResourceHttpRequestHandler]
2018-10-25 15:04:52 [INFO]-[org.springframework.web.servlet.mvc.method.annotation.RequestMappingHandlerAdapter] Looking for @ControllerAdvice: org.springframework.boot.web.servlet.context.AnnotationConfigServletWebServerApplicationContext@1e58796: startup date [Thu Oct 25 15:04:50 CST 2018]; root of context hierarchy
2018-10-25 15:04:52 [INFO]-[org.springframework.web.servlet.handler.SimpleUrlHandlerMapping] Mapped URL path [/webjars/**] onto handler of type [class org.springframework.web.servlet.resource.ResourceHttpRequestHandler]
2018-10-25 15:04:52 [INFO]-[org.springframework.web.servlet.handler.SimpleUrlHandlerMapping] Mapped URL path [/**] onto handler of type [class org.springframework.web.servlet.resource.ResourceHttpRequestHandler]
2018-10-25 15:04:52 [INFO]-[org.springframework.boot.autoconfigure.web.servlet.WelcomePageHandlerMapping] Adding welcome page template: index
2018-10-25 15:04:52 [INFO]-[org.springframework.web.servlet.view.freemarker.FreeMarkerConfigurer] ClassTemplateLoader for Spring macros added to FreeMarker configuration
2018-10-25 15:04:52 [INFO]-[org.springframework.boot.devtools.autoconfigure.OptionalLiveReloadServer] LiveReload server is running on port 35729
2018-10-25 15:04:52 [INFO]-[org.springframework.jmx.export.annotation.AnnotationMBeanExporter] Registering beans for JMX exposure on startup
2018-10-25 15:04:52 [INFO]-[org.springframework.context.support.DefaultLifecycleProcessor] Starting beans in phase 2147483647
2018-10-25 15:04:53 [INFO]-[org.springframework.boot.web.embedded.tomcat.TomcatWebServer] Tomcat started on port(s): 8888 (http) with context path '/opc'
2018-10-25 15:04:53 [INFO]-[com.opc.demo.OpcdemoApplication] Started OpcdemoApplication in 2.368 seconds (JVM running for 3.081)
2018-10-25 15:05:04 [INFO]-[org.springframework.boot.web.servlet.context.AnnotationConfigServletWebServerApplicationContext] Closing org.springframework.boot.web.servlet.context.AnnotationConfigServletWebServerApplicationContext@1e58796: startup date [Thu Oct 25 15:04:50 CST 2018]; root of context hierarchy
2018-10-25 15:05:04 [INFO]-[org.springframework.context.support.DefaultLifecycleProcessor] Stopping beans in phase 2147483647
2018-10-25 15:05:04 [INFO]-[org.springframework.jmx.export.annotation.AnnotationMBeanExporter] Unregistering JMX-exposed beans on shutdown
2018-10-25 15:05:04 [INFO]-[com.opc.demo.OpcdemoApplication] Starting OpcdemoApplication on AlwaysFrin with PID 21224 (D:\STSTool\opc-client-tool\target\classes started by HP in D:\STSTool\opc-client-tool)
2018-10-25 15:05:04 [INFO]-[com.opc.demo.OpcdemoApplication] No active profile set, falling back to default profiles: default
2018-10-25 15:05:04 [INFO]-[org.springframework.boot.web.servlet.context.AnnotationConfigServletWebServerApplicationContext] Refreshing org.springframework.boot.web.servlet.context.AnnotationConfigServletWebServerApplicationContext@197e711: startup date [Thu Oct 25 15:05:04 CST 2018]; root of context hierarchy
2018-10-25 15:05:05 [INFO]-[org.springframework.boot.web.embedded.tomcat.TomcatWebServer] Tomcat initialized with port(s): 8888 (http)
2018-10-25 15:05:05 [INFO]-[org.springframework.web.context.ContextLoader] Root WebApplicationContext: initialization completed in 399 ms
2018-10-25 15:05:05 [INFO]-[org.springframework.boot.web.servlet.ServletRegistrationBean] Servlet dispatcherServlet mapped to [/]
2018-10-25 15:05:05 [INFO]-[org.springframework.boot.web.servlet.FilterRegistrationBean] Mapping filter: 'characterEncodingFilter' to: [/*]
2018-10-25 15:05:05 [INFO]-[org.springframework.boot.web.servlet.FilterRegistrationBean] Mapping filter: 'hiddenHttpMethodFilter' to: [/*]
2018-10-25 15:05:05 [INFO]-[org.springframework.boot.web.servlet.FilterRegistrationBean] Mapping filter: 'httpPutFormContentFilter' to: [/*]
2018-10-25 15:05:05 [INFO]-[org.springframework.boot.web.servlet.FilterRegistrationBean] Mapping filter: 'requestContextFilter' to: [/*]
2018-10-25 15:05:05 [INFO]-[org.springframework.web.servlet.mvc.method.annotation.RequestMappingHandlerMapping] Mapped "{[/query],methods=[POST]}" onto public com.opc.pojo.ResultBean com.opc.controller.OpcRestfulService.query(com.opc.pojo.OpcModel,javax.servlet.http.HttpServletResponse) throws java.io.IOException
2018-10-25 15:05:05 [INFO]-[org.springframework.web.servlet.mvc.method.annotation.RequestMappingHandlerMapping] Mapped "{[/edit],methods=[POST]}" onto public com.opc.pojo.ResultBean com.opc.controller.OpcRestfulService.edit(com.opc.pojo.OpcModel,java.lang.String,javax.servlet.http.HttpServletResponse) throws java.io.IOException
2018-10-25 15:05:05 [INFO]-[org.springframework.web.servlet.mvc.method.annotation.RequestMappingHandlerMapping] Mapped "{[/index],methods=[GET]}" onto public java.lang.String com.opc.controller.OpcService.index(org.springframework.ui.Model)
2018-10-25 15:05:05 [INFO]-[org.springframework.web.servlet.mvc.method.annotation.RequestMappingHandlerMapping] Mapped "{[/testopc],methods=[GET]}" onto public java.lang.String com.opc.controller.OpcService.getName()
2018-10-25 15:05:05 [INFO]-[org.springframework.web.servlet.mvc.method.annotation.RequestMappingHandlerMapping] Mapped "{[/editparam],methods=[POST]}" onto public java.lang.String com.opc.controller.OpcService.editparam(com.opc.pojo.OpcModel,java.lang.String,org.springframework.ui.Model)
2018-10-25 15:05:05 [INFO]-[org.springframework.web.servlet.mvc.method.annotation.RequestMappingHandlerMapping] Mapped "{[/queryparam],methods=[POST]}" onto public java.lang.String com.opc.controller.OpcService.queryparam(com.opc.pojo.OpcModel,org.springframework.ui.Model)
2018-10-25 15:05:05 [INFO]-[org.springframework.web.servlet.mvc.method.annotation.RequestMappingHandlerMapping] Mapped "{[/swagger-resources/configuration/security]}" onto public org.springframework.http.ResponseEntity<springfox.documentation.swagger.web.SecurityConfiguration> springfox.documentation.swagger.web.ApiResourceController.securityConfiguration()
2018-10-25 15:05:05 [INFO]-[org.springframework.web.servlet.mvc.method.annotation.RequestMappingHandlerMapping] Mapped "{[/swagger-resources]}" onto public org.springframework.http.ResponseEntity<java.util.List<springfox.documentation.swagger.web.SwaggerResource>> springfox.documentation.swagger.web.ApiResourceController.swaggerResources()
2018-10-25 15:05:05 [INFO]-[org.springframework.web.servlet.mvc.method.annotation.RequestMappingHandlerMapping] Mapped "{[/swagger-resources/configuration/ui]}" onto public org.springframework.http.ResponseEntity<springfox.documentation.swagger.web.UiConfiguration> springfox.documentation.swagger.web.ApiResourceController.uiConfiguration()
2018-10-25 15:05:05 [INFO]-[org.springframework.web.servlet.mvc.method.annotation.RequestMappingHandlerMapping] Mapped "{[/error]}" onto public org.springframework.http.ResponseEntity<java.util.Map<java.lang.String, java.lang.Object>> org.springframework.boot.autoconfigure.web.servlet.error.BasicErrorController.error(javax.servlet.http.HttpServletRequest)
2018-10-25 15:05:05 [INFO]-[org.springframework.web.servlet.mvc.method.annotation.RequestMappingHandlerMapping] Mapped "{[/error],produces=[text/html]}" onto public org.springframework.web.servlet.ModelAndView org.springframework.boot.autoconfigure.web.servlet.error.BasicErrorController.errorHtml(javax.servlet.http.HttpServletRequest,javax.servlet.http.HttpServletResponse)
2018-10-25 15:05:05 [INFO]-[springfox.documentation.spring.web.PropertySourcedRequestMappingHandlerMapping] Mapped URL path [/v2/api-docs] onto method [public org.springframework.http.ResponseEntity<springfox.documentation.spring.web.json.Json> springfox.documentation.swagger2.web.Swagger2Controller.getDocumentation(java.lang.String,javax.servlet.http.HttpServletRequest)]
2018-10-25 15:05:05 [INFO]-[org.springframework.web.servlet.handler.SimpleUrlHandlerMapping] Mapped URL path [/**/favicon.ico] onto handler of type [class org.springframework.web.servlet.resource.ResourceHttpRequestHandler]
2018-10-25 15:05:05 [INFO]-[org.springframework.web.servlet.mvc.method.annotation.RequestMappingHandlerAdapter] Looking for @ControllerAdvice: org.springframework.boot.web.servlet.context.AnnotationConfigServletWebServerApplicationContext@197e711: startup date [Thu Oct 25 15:05:04 CST 2018]; root of context hierarchy
2018-10-25 15:05:05 [INFO]-[org.springframework.web.servlet.handler.SimpleUrlHandlerMapping] Mapped URL path [/webjars/**] onto handler of type [class org.springframework.web.servlet.resource.ResourceHttpRequestHandler]
2018-10-25 15:05:05 [INFO]-[org.springframework.web.servlet.handler.SimpleUrlHandlerMapping] Mapped URL path [/**] onto handler of type [class org.springframework.web.servlet.resource.ResourceHttpRequestHandler]
2018-10-25 15:05:05 [INFO]-[org.springframework.boot.autoconfigure.web.servlet.WelcomePageHandlerMapping] Adding welcome page template: index
2018-10-25 15:05:05 [INFO]-[org.springframework.web.servlet.view.freemarker.FreeMarkerConfigurer] ClassTemplateLoader for Spring macros added to FreeMarker configuration
2018-10-25 15:05:05 [INFO]-[org.springframework.boot.devtools.autoconfigure.OptionalLiveReloadServer] LiveReload server is running on port 35729
2018-10-25 15:05:05 [INFO]-[org.springframework.jmx.export.annotation.AnnotationMBeanExporter] Registering beans for JMX exposure on startup
2018-10-25 15:05:05 [INFO]-[org.springframework.context.support.DefaultLifecycleProcessor] Starting beans in phase 2147483647
2018-10-25 15:05:05 [INFO]-[org.springframework.boot.web.embedded.tomcat.TomcatWebServer] Tomcat started on port(s): 8888 (http) with context path '/opc'
2018-10-25 15:05:05 [INFO]-[com.opc.demo.OpcdemoApplication] Started OpcdemoApplication in 0.697 seconds (JVM running for 15.579)
2018-10-25 15:05:05 [INFO]-[org.springframework.boot.autoconfigure.logging.ConditionEvaluationReportLoggingListener] 

Error starting ApplicationContext. To display the conditions report re-run your application with 'debug' enabled.
2018-10-25 15:05:05 [ERROR]-[org.springframework.boot.SpringApplication] Application run failed
java.lang.UnsatisfiedLinkError: Native Library D:\STSTool\opc-client-tool\target\classes\JCustomOpc.dll already loaded in another classloader
	at java.lang.ClassLoader.loadLibrary0(ClassLoader.java:1907)
	at java.lang.ClassLoader.loadLibrary(ClassLoader.java:1824)
	at java.lang.Runtime.load0(Runtime.java:809)
	at java.lang.System.load(System.java:1086)
	at javafish.clients.opc.JCustomOpc.<clinit>(JCustomOpc.java:83)
	at com.opc.demo.OpcdemoApplication.lambda$0(OpcdemoApplication.java:35)
	at org.springframework.context.event.SimpleApplicationEventMulticaster.doInvokeListener(SimpleApplicationEventMulticaster.java:172)
	at org.springframework.context.event.SimpleApplicationEventMulticaster.invokeListener(SimpleApplicationEventMulticaster.java:165)
	at org.springframework.context.event.SimpleApplicationEventMulticaster.multicastEvent(SimpleApplicationEventMulticaster.java:139)
	at org.springframework.context.support.AbstractApplicationContext.publishEvent(AbstractApplicationContext.java:400)
	at org.springframework.context.support.AbstractApplicationContext.publishEvent(AbstractApplicationContext.java:354)
	at org.springframework.boot.context.event.EventPublishingRunListener.started(EventPublishingRunListener.java:97)
	at org.springframework.boot.SpringApplicationRunListeners.started(SpringApplicationRunListeners.java:72)
	at org.springframework.boot.SpringApplication.run(SpringApplication.java:334)
	at com.opc.demo.OpcdemoApplication.main(OpcdemoApplication.java:49)
	at sun.reflect.NativeMethodAccessorImpl.invoke0(Native Method)
	at sun.reflect.NativeMethodAccessorImpl.invoke(NativeMethodAccessorImpl.java:62)
	at sun.reflect.DelegatingMethodAccessorImpl.invoke(DelegatingMethodAccessorImpl.java:43)
	at java.lang.reflect.Method.invoke(Method.java:498)
	at org.springframework.boot.devtools.restart.RestartLauncher.run(RestartLauncher.java:49)
2018-10-25 15:05:05 [INFO]-[org.springframework.boot.web.servlet.context.AnnotationConfigServletWebServerApplicationContext] Closing org.springframework.boot.web.servlet.context.AnnotationConfigServletWebServerApplicationContext@197e711: startup date [Thu Oct 25 15:05:04 CST 2018]; root of context hierarchy
2018-10-25 15:05:05 [WARN]-[org.springframework.boot.web.servlet.context.AnnotationConfigServletWebServerApplicationContext] Exception thrown from ApplicationListener handling ContextClosedEvent
java.lang.NoClassDefFoundError: Could not initialize class javafish.clients.opc.JCustomOpc
	at com.opc.demo.OpcdemoApplication.lambda$0(OpcdemoApplication.java:43)
	at org.springframework.context.event.SimpleApplicationEventMulticaster.doInvokeListener(SimpleApplicationEventMulticaster.java:172)
	at org.springframework.context.event.SimpleApplicationEventMulticaster.invokeListener(SimpleApplicationEventMulticaster.java:165)
	at org.springframework.context.event.SimpleApplicationEventMulticaster.multicastEvent(SimpleApplicationEventMulticaster.java:139)
	at org.springframework.context.support.AbstractApplicationContext.publishEvent(AbstractApplicationContext.java:400)
	at org.springframework.context.support.AbstractApplicationContext.publishEvent(AbstractApplicationContext.java:354)
	at org.springframework.context.support.AbstractApplicationContext.doClose(AbstractApplicationContext.java:1000)
	at org.springframework.context.support.AbstractApplicationContext.close(AbstractApplicationContext.java:967)
	at org.springframework.boot.SpringApplication.handleRunFailure(SpringApplication.java:818)
	at org.springframework.boot.SpringApplication.run(SpringApplication.java:338)
	at com.opc.demo.OpcdemoApplication.main(OpcdemoApplication.java:49)
	at sun.reflect.NativeMethodAccessorImpl.invoke0(Native Method)
	at sun.reflect.NativeMethodAccessorImpl.invoke(NativeMethodAccessorImpl.java:62)
	at sun.reflect.DelegatingMethodAccessorImpl.invoke(DelegatingMethodAccessorImpl.java:43)
	at java.lang.reflect.Method.invoke(Method.java:498)
	at org.springframework.boot.devtools.restart.RestartLauncher.run(RestartLauncher.java:49)
2018-10-25 15:05:05 [INFO]-[org.springframework.context.support.DefaultLifecycleProcessor] Stopping beans in phase 2147483647
2018-10-25 15:05:05 [INFO]-[org.springframework.jmx.export.annotation.AnnotationMBeanExporter] Unregistering JMX-exposed beans on shutdown
2018-10-25 15:05:26 [INFO]-[com.opc.demo.OpcdemoApplication] Starting OpcdemoApplication on AlwaysFrin with PID 38220 (D:\STSTool\opc-client-tool\target\classes started by HP in D:\STSTool\opc-client-tool)
2018-10-25 15:05:26 [INFO]-[com.opc.demo.OpcdemoApplication] No active profile set, falling back to default profiles: default
2018-10-25 15:05:26 [INFO]-[org.springframework.boot.web.servlet.context.AnnotationConfigServletWebServerApplicationContext] Refreshing org.springframework.boot.web.servlet.context.AnnotationConfigServletWebServerApplicationContext@5f7d7: startup date [Thu Oct 25 15:05:26 CST 2018]; root of context hierarchy
2018-10-25 15:05:27 [INFO]-[org.springframework.boot.web.embedded.tomcat.TomcatWebServer] Tomcat initialized with port(s): 8888 (http)
2018-10-25 15:05:27 [INFO]-[org.springframework.web.context.ContextLoader] Root WebApplicationContext: initialization completed in 1083 ms
2018-10-25 15:05:28 [INFO]-[org.springframework.boot.web.servlet.ServletRegistrationBean] Servlet dispatcherServlet mapped to [/]
2018-10-25 15:05:28 [INFO]-[org.springframework.boot.web.servlet.FilterRegistrationBean] Mapping filter: 'characterEncodingFilter' to: [/*]
2018-10-25 15:05:28 [INFO]-[org.springframework.boot.web.servlet.FilterRegistrationBean] Mapping filter: 'hiddenHttpMethodFilter' to: [/*]
2018-10-25 15:05:28 [INFO]-[org.springframework.boot.web.servlet.FilterRegistrationBean] Mapping filter: 'httpPutFormContentFilter' to: [/*]
2018-10-25 15:05:28 [INFO]-[org.springframework.boot.web.servlet.FilterRegistrationBean] Mapping filter: 'requestContextFilter' to: [/*]
2018-10-25 15:05:28 [INFO]-[org.springframework.web.servlet.mvc.method.annotation.RequestMappingHandlerMapping] Mapped "{[/query],methods=[POST]}" onto public com.opc.pojo.ResultBean com.opc.controller.OpcRestfulService.query(com.opc.pojo.OpcModel,javax.servlet.http.HttpServletResponse) throws java.io.IOException
2018-10-25 15:05:28 [INFO]-[org.springframework.web.servlet.mvc.method.annotation.RequestMappingHandlerMapping] Mapped "{[/edit],methods=[POST]}" onto public com.opc.pojo.ResultBean com.opc.controller.OpcRestfulService.edit(com.opc.pojo.OpcModel,java.lang.String,javax.servlet.http.HttpServletResponse) throws java.io.IOException
2018-10-25 15:05:28 [INFO]-[org.springframework.web.servlet.mvc.method.annotation.RequestMappingHandlerMapping] Mapped "{[/index],methods=[GET]}" onto public java.lang.String com.opc.controller.OpcService.index(org.springframework.ui.Model)
2018-10-25 15:05:28 [INFO]-[org.springframework.web.servlet.mvc.method.annotation.RequestMappingHandlerMapping] Mapped "{[/testopc],methods=[GET]}" onto public java.lang.String com.opc.controller.OpcService.getName()
2018-10-25 15:05:28 [INFO]-[org.springframework.web.servlet.mvc.method.annotation.RequestMappingHandlerMapping] Mapped "{[/queryparam],methods=[POST]}" onto public java.lang.String com.opc.controller.OpcService.queryparam(com.opc.pojo.OpcModel,org.springframework.ui.Model)
2018-10-25 15:05:28 [INFO]-[org.springframework.web.servlet.mvc.method.annotation.RequestMappingHandlerMapping] Mapped "{[/editparam],methods=[POST]}" onto public java.lang.String com.opc.controller.OpcService.editparam(com.opc.pojo.OpcModel,java.lang.String,org.springframework.ui.Model)
2018-10-25 15:05:28 [INFO]-[org.springframework.web.servlet.mvc.method.annotation.RequestMappingHandlerMapping] Mapped "{[/swagger-resources/configuration/security]}" onto public org.springframework.http.ResponseEntity<springfox.documentation.swagger.web.SecurityConfiguration> springfox.documentation.swagger.web.ApiResourceController.securityConfiguration()
2018-10-25 15:05:28 [INFO]-[org.springframework.web.servlet.mvc.method.annotation.RequestMappingHandlerMapping] Mapped "{[/swagger-resources]}" onto public org.springframework.http.ResponseEntity<java.util.List<springfox.documentation.swagger.web.SwaggerResource>> springfox.documentation.swagger.web.ApiResourceController.swaggerResources()
2018-10-25 15:05:28 [INFO]-[org.springframework.web.servlet.mvc.method.annotation.RequestMappingHandlerMapping] Mapped "{[/swagger-resources/configuration/ui]}" onto public org.springframework.http.ResponseEntity<springfox.documentation.swagger.web.UiConfiguration> springfox.documentation.swagger.web.ApiResourceController.uiConfiguration()
2018-10-25 15:05:28 [INFO]-[org.springframework.web.servlet.mvc.method.annotation.RequestMappingHandlerMapping] Mapped "{[/error]}" onto public org.springframework.http.ResponseEntity<java.util.Map<java.lang.String, java.lang.Object>> org.springframework.boot.autoconfigure.web.servlet.error.BasicErrorController.error(javax.servlet.http.HttpServletRequest)
2018-10-25 15:05:28 [INFO]-[org.springframework.web.servlet.mvc.method.annotation.RequestMappingHandlerMapping] Mapped "{[/error],produces=[text/html]}" onto public org.springframework.web.servlet.ModelAndView org.springframework.boot.autoconfigure.web.servlet.error.BasicErrorController.errorHtml(javax.servlet.http.HttpServletRequest,javax.servlet.http.HttpServletResponse)
2018-10-25 15:05:28 [INFO]-[springfox.documentation.spring.web.PropertySourcedRequestMappingHandlerMapping] Mapped URL path [/v2/api-docs] onto method [public org.springframework.http.ResponseEntity<springfox.documentation.spring.web.json.Json> springfox.documentation.swagger2.web.Swagger2Controller.getDocumentation(java.lang.String,javax.servlet.http.HttpServletRequest)]
2018-10-25 15:05:28 [INFO]-[org.springframework.web.servlet.handler.SimpleUrlHandlerMapping] Mapped URL path [/**/favicon.ico] onto handler of type [class org.springframework.web.servlet.resource.ResourceHttpRequestHandler]
2018-10-25 15:05:28 [INFO]-[org.springframework.web.servlet.mvc.method.annotation.RequestMappingHandlerAdapter] Looking for @ControllerAdvice: org.springframework.boot.web.servlet.context.AnnotationConfigServletWebServerApplicationContext@5f7d7: startup date [Thu Oct 25 15:05:26 CST 2018]; root of context hierarchy
2018-10-25 15:05:28 [INFO]-[org.springframework.web.servlet.handler.SimpleUrlHandlerMapping] Mapped URL path [/webjars/**] onto handler of type [class org.springframework.web.servlet.resource.ResourceHttpRequestHandler]
2018-10-25 15:05:28 [INFO]-[org.springframework.web.servlet.handler.SimpleUrlHandlerMapping] Mapped URL path [/**] onto handler of type [class org.springframework.web.servlet.resource.ResourceHttpRequestHandler]
2018-10-25 15:05:28 [INFO]-[org.springframework.boot.autoconfigure.web.servlet.WelcomePageHandlerMapping] Adding welcome page template: index
2018-10-25 15:05:28 [INFO]-[org.springframework.web.servlet.view.freemarker.FreeMarkerConfigurer] ClassTemplateLoader for Spring macros added to FreeMarker configuration
2018-10-25 15:05:28 [INFO]-[org.springframework.boot.devtools.autoconfigure.OptionalLiveReloadServer] LiveReload server is running on port 35729
2018-10-25 15:05:28 [INFO]-[org.springframework.jmx.export.annotation.AnnotationMBeanExporter] Registering beans for JMX exposure on startup
2018-10-25 15:05:28 [INFO]-[org.springframework.context.support.DefaultLifecycleProcessor] Starting beans in phase 2147483647
2018-10-25 15:05:28 [INFO]-[org.springframework.boot.web.embedded.tomcat.TomcatWebServer] Tomcat started on port(s): 8888 (http) with context path '/opc'
2018-10-25 15:05:29 [INFO]-[com.opc.demo.OpcdemoApplication] Started OpcdemoApplication in 2.363 seconds (JVM running for 3.064)
2018-10-25 15:05:33 [INFO]-[org.springframework.boot.admin.SpringApplicationAdminMXBeanRegistrar$SpringApplicationAdmin] Application shutdown requested.
2018-10-25 15:05:33 [INFO]-[org.springframework.boot.web.servlet.context.AnnotationConfigServletWebServerApplicationContext] Closing org.springframework.boot.web.servlet.context.AnnotationConfigServletWebServerApplicationContext@5f7d7: startup date [Thu Oct 25 15:05:26 CST 2018]; root of context hierarchy
2018-10-25 15:05:33 [INFO]-[org.springframework.context.support.DefaultLifecycleProcessor] Stopping beans in phase 2147483647
2018-10-25 15:05:33 [INFO]-[org.springframework.jmx.export.annotation.AnnotationMBeanExporter] Unregistering JMX-exposed beans on shutdown
2018-10-25 15:18:11 [INFO]-[com.opc.demo.OpcdemoApplication] Starting OpcdemoApplication on AlwaysFrin with PID 102588 (D:\STSTool\opc-client-tool\target\classes started by HP in D:\STSTool\opc-client-tool)
2018-10-25 15:18:11 [INFO]-[com.opc.demo.OpcdemoApplication] No active profile set, falling back to default profiles: default
2018-10-25 15:18:11 [INFO]-[org.springframework.boot.web.servlet.context.AnnotationConfigServletWebServerApplicationContext] Refreshing org.springframework.boot.web.servlet.context.AnnotationConfigServletWebServerApplicationContext@123e973: startup date [Thu Oct 25 15:18:11 CST 2018]; root of context hierarchy
2018-10-25 15:18:12 [INFO]-[org.springframework.boot.web.embedded.tomcat.TomcatWebServer] Tomcat initialized with port(s): 8888 (http)
2018-10-25 15:18:13 [INFO]-[org.springframework.web.context.ContextLoader] Root WebApplicationContext: initialization completed in 1080 ms
2018-10-25 15:18:13 [INFO]-[org.springframework.boot.web.servlet.ServletRegistrationBean] Servlet dispatcherServlet mapped to [/]
2018-10-25 15:18:13 [INFO]-[org.springframework.boot.web.servlet.FilterRegistrationBean] Mapping filter: 'characterEncodingFilter' to: [/*]
2018-10-25 15:18:13 [INFO]-[org.springframework.boot.web.servlet.FilterRegistrationBean] Mapping filter: 'hiddenHttpMethodFilter' to: [/*]
2018-10-25 15:18:13 [INFO]-[org.springframework.boot.web.servlet.FilterRegistrationBean] Mapping filter: 'httpPutFormContentFilter' to: [/*]
2018-10-25 15:18:13 [INFO]-[org.springframework.boot.web.servlet.FilterRegistrationBean] Mapping filter: 'requestContextFilter' to: [/*]
2018-10-25 15:18:13 [INFO]-[org.springframework.web.servlet.mvc.method.annotation.RequestMappingHandlerMapping] Mapped "{[/query],methods=[POST]}" onto public com.opc.pojo.ResultBean com.opc.controller.OpcRestfulService.query(com.opc.pojo.OpcModel,javax.servlet.http.HttpServletResponse) throws java.io.IOException
2018-10-25 15:18:13 [INFO]-[org.springframework.web.servlet.mvc.method.annotation.RequestMappingHandlerMapping] Mapped "{[/edit],methods=[POST]}" onto public com.opc.pojo.ResultBean com.opc.controller.OpcRestfulService.edit(com.opc.pojo.OpcModel,java.lang.String,javax.servlet.http.HttpServletResponse) throws java.io.IOException
2018-10-25 15:18:13 [INFO]-[org.springframework.web.servlet.mvc.method.annotation.RequestMappingHandlerMapping] Mapped "{[/index],methods=[GET]}" onto public java.lang.String com.opc.controller.OpcService.index(org.springframework.ui.Model)
2018-10-25 15:18:13 [INFO]-[org.springframework.web.servlet.mvc.method.annotation.RequestMappingHandlerMapping] Mapped "{[/testopc],methods=[GET]}" onto public java.lang.String com.opc.controller.OpcService.getName()
2018-10-25 15:18:13 [INFO]-[org.springframework.web.servlet.mvc.method.annotation.RequestMappingHandlerMapping] Mapped "{[/editparam],methods=[POST]}" onto public java.lang.String com.opc.controller.OpcService.editparam(com.opc.pojo.OpcModel,java.lang.String,org.springframework.ui.Model)
2018-10-25 15:18:13 [INFO]-[org.springframework.web.servlet.mvc.method.annotation.RequestMappingHandlerMapping] Mapped "{[/queryparam],methods=[POST]}" onto public java.lang.String com.opc.controller.OpcService.queryparam(com.opc.pojo.OpcModel,org.springframework.ui.Model)
2018-10-25 15:18:13 [INFO]-[org.springframework.web.servlet.mvc.method.annotation.RequestMappingHandlerMapping] Mapped "{[/swagger-resources/configuration/security]}" onto public org.springframework.http.ResponseEntity<springfox.documentation.swagger.web.SecurityConfiguration> springfox.documentation.swagger.web.ApiResourceController.securityConfiguration()
2018-10-25 15:18:13 [INFO]-[org.springframework.web.servlet.mvc.method.annotation.RequestMappingHandlerMapping] Mapped "{[/swagger-resources/configuration/ui]}" onto public org.springframework.http.ResponseEntity<springfox.documentation.swagger.web.UiConfiguration> springfox.documentation.swagger.web.ApiResourceController.uiConfiguration()
2018-10-25 15:18:13 [INFO]-[org.springframework.web.servlet.mvc.method.annotation.RequestMappingHandlerMapping] Mapped "{[/swagger-resources]}" onto public org.springframework.http.ResponseEntity<java.util.List<springfox.documentation.swagger.web.SwaggerResource>> springfox.documentation.swagger.web.ApiResourceController.swaggerResources()
2018-10-25 15:18:13 [INFO]-[org.springframework.web.servlet.mvc.method.annotation.RequestMappingHandlerMapping] Mapped "{[/error]}" onto public org.springframework.http.ResponseEntity<java.util.Map<java.lang.String, java.lang.Object>> org.springframework.boot.autoconfigure.web.servlet.error.BasicErrorController.error(javax.servlet.http.HttpServletRequest)
2018-10-25 15:18:13 [INFO]-[org.springframework.web.servlet.mvc.method.annotation.RequestMappingHandlerMapping] Mapped "{[/error],produces=[text/html]}" onto public org.springframework.web.servlet.ModelAndView org.springframework.boot.autoconfigure.web.servlet.error.BasicErrorController.errorHtml(javax.servlet.http.HttpServletRequest,javax.servlet.http.HttpServletResponse)
2018-10-25 15:18:13 [INFO]-[springfox.documentation.spring.web.PropertySourcedRequestMappingHandlerMapping] Mapped URL path [/v2/api-docs] onto method [public org.springframework.http.ResponseEntity<springfox.documentation.spring.web.json.Json> springfox.documentation.swagger2.web.Swagger2Controller.getDocumentation(java.lang.String,javax.servlet.http.HttpServletRequest)]
2018-10-25 15:18:13 [INFO]-[org.springframework.web.servlet.handler.SimpleUrlHandlerMapping] Mapped URL path [/**/favicon.ico] onto handler of type [class org.springframework.web.servlet.resource.ResourceHttpRequestHandler]
2018-10-25 15:18:13 [INFO]-[org.springframework.web.servlet.mvc.method.annotation.RequestMappingHandlerAdapter] Looking for @ControllerAdvice: org.springframework.boot.web.servlet.context.AnnotationConfigServletWebServerApplicationContext@123e973: startup date [Thu Oct 25 15:18:11 CST 2018]; root of context hierarchy
2018-10-25 15:18:13 [INFO]-[org.springframework.web.servlet.handler.SimpleUrlHandlerMapping] Mapped URL path [/webjars/**] onto handler of type [class org.springframework.web.servlet.resource.ResourceHttpRequestHandler]
2018-10-25 15:18:13 [INFO]-[org.springframework.web.servlet.handler.SimpleUrlHandlerMapping] Mapped URL path [/**] onto handler of type [class org.springframework.web.servlet.resource.ResourceHttpRequestHandler]
2018-10-25 15:18:13 [INFO]-[org.springframework.boot.autoconfigure.web.servlet.WelcomePageHandlerMapping] Adding welcome page template: index
2018-10-25 15:18:13 [INFO]-[org.springframework.web.servlet.view.freemarker.FreeMarkerConfigurer] ClassTemplateLoader for Spring macros added to FreeMarker configuration
2018-10-25 15:18:13 [INFO]-[org.springframework.boot.devtools.autoconfigure.OptionalLiveReloadServer] LiveReload server is running on port 35729
2018-10-25 15:18:13 [INFO]-[org.springframework.jmx.export.annotation.AnnotationMBeanExporter] Registering beans for JMX exposure on startup
2018-10-25 15:18:13 [INFO]-[org.springframework.context.support.DefaultLifecycleProcessor] Starting beans in phase 2147483647
2018-10-25 15:18:14 [INFO]-[org.springframework.boot.web.embedded.tomcat.TomcatWebServer] Tomcat started on port(s): 8888 (http) with context path '/opc'
2018-10-25 15:18:14 [INFO]-[com.opc.demo.OpcdemoApplication] Started OpcdemoApplication in 2.332 seconds (JVM running for 3.047)
2018-10-25 15:18:32 [INFO]-[org.springframework.web.servlet.DispatcherServlet] FrameworkServlet 'dispatcherServlet': initialization started
2018-10-25 15:18:32 [INFO]-[org.springframework.web.servlet.DispatcherServlet] FrameworkServlet 'dispatcherServlet': initialization completed in 12 ms
2018-10-25 15:19:10 [INFO]-[org.springframework.boot.admin.SpringApplicationAdminMXBeanRegistrar$SpringApplicationAdmin] Application shutdown requested.
2018-10-25 15:19:10 [INFO]-[org.springframework.boot.web.servlet.context.AnnotationConfigServletWebServerApplicationContext] Closing org.springframework.boot.web.servlet.context.AnnotationConfigServletWebServerApplicationContext@123e973: startup date [Thu Oct 25 15:18:11 CST 2018]; root of context hierarchy
2018-10-25 15:19:10 [INFO]-[org.springframework.context.support.DefaultLifecycleProcessor] Stopping beans in phase 2147483647
2018-10-25 15:19:10 [INFO]-[org.springframework.jmx.export.annotation.AnnotationMBeanExporter] Unregistering JMX-exposed beans on shutdown
2018-10-25 15:19:18 [INFO]-[com.opc.demo.OpcdemoApplication] Starting OpcdemoApplication on AlwaysFrin with PID 126060 (D:\STSTool\opc-client-tool\target\classes started by HP in D:\STSTool\opc-client-tool)
2018-10-25 15:19:18 [INFO]-[com.opc.demo.OpcdemoApplication] No active profile set, falling back to default profiles: default
2018-10-25 15:19:18 [INFO]-[org.springframework.boot.web.servlet.context.AnnotationConfigServletWebServerApplicationContext] Refreshing org.springframework.boot.web.servlet.context.AnnotationConfigServletWebServerApplicationContext@a9f634: startup date [Thu Oct 25 15:19:18 CST 2018]; root of context hierarchy
2018-10-25 15:19:19 [INFO]-[org.springframework.boot.web.embedded.tomcat.TomcatWebServer] Tomcat initialized with port(s): 8888 (http)
2018-10-25 15:19:19 [INFO]-[org.springframework.web.context.ContextLoader] Root WebApplicationContext: initialization completed in 1067 ms
2018-10-25 15:19:19 [INFO]-[org.springframework.boot.web.servlet.ServletRegistrationBean] Servlet dispatcherServlet mapped to [/]
2018-10-25 15:19:19 [INFO]-[org.springframework.boot.web.servlet.FilterRegistrationBean] Mapping filter: 'characterEncodingFilter' to: [/*]
2018-10-25 15:19:19 [INFO]-[org.springframework.boot.web.servlet.FilterRegistrationBean] Mapping filter: 'hiddenHttpMethodFilter' to: [/*]
2018-10-25 15:19:19 [INFO]-[org.springframework.boot.web.servlet.FilterRegistrationBean] Mapping filter: 'httpPutFormContentFilter' to: [/*]
2018-10-25 15:19:19 [INFO]-[org.springframework.boot.web.servlet.FilterRegistrationBean] Mapping filter: 'requestContextFilter' to: [/*]
2018-10-25 15:19:19 [INFO]-[org.springframework.web.servlet.mvc.method.annotation.RequestMappingHandlerMapping] Mapped "{[/query],methods=[POST]}" onto public com.opc.pojo.ResultBean com.opc.controller.OpcRestfulService.query(com.opc.pojo.OpcModel,javax.servlet.http.HttpServletResponse) throws java.io.IOException
2018-10-25 15:19:19 [INFO]-[org.springframework.web.servlet.mvc.method.annotation.RequestMappingHandlerMapping] Mapped "{[/edit],methods=[POST]}" onto public com.opc.pojo.ResultBean com.opc.controller.OpcRestfulService.edit(com.opc.pojo.OpcModel,java.lang.String,javax.servlet.http.HttpServletResponse) throws java.io.IOException
2018-10-25 15:19:19 [INFO]-[org.springframework.web.servlet.mvc.method.annotation.RequestMappingHandlerMapping] Mapped "{[/index],methods=[GET]}" onto public java.lang.String com.opc.controller.OpcService.index(org.springframework.ui.Model)
2018-10-25 15:19:19 [INFO]-[org.springframework.web.servlet.mvc.method.annotation.RequestMappingHandlerMapping] Mapped "{[/testopc],methods=[GET]}" onto public java.lang.String com.opc.controller.OpcService.getName()
2018-10-25 15:19:19 [INFO]-[org.springframework.web.servlet.mvc.method.annotation.RequestMappingHandlerMapping] Mapped "{[/queryparam],methods=[POST]}" onto public java.lang.String com.opc.controller.OpcService.queryparam(com.opc.pojo.OpcModel,org.springframework.ui.Model)
2018-10-25 15:19:19 [INFO]-[org.springframework.web.servlet.mvc.method.annotation.RequestMappingHandlerMapping] Mapped "{[/editparam],methods=[POST]}" onto public java.lang.String com.opc.controller.OpcService.editparam(com.opc.pojo.OpcModel,java.lang.String,org.springframework.ui.Model)
2018-10-25 15:19:19 [INFO]-[org.springframework.web.servlet.mvc.method.annotation.RequestMappingHandlerMapping] Mapped "{[/swagger-resources/configuration/security]}" onto public org.springframework.http.ResponseEntity<springfox.documentation.swagger.web.SecurityConfiguration> springfox.documentation.swagger.web.ApiResourceController.securityConfiguration()
2018-10-25 15:19:19 [INFO]-[org.springframework.web.servlet.mvc.method.annotation.RequestMappingHandlerMapping] Mapped "{[/swagger-resources]}" onto public org.springframework.http.ResponseEntity<java.util.List<springfox.documentation.swagger.web.SwaggerResource>> springfox.documentation.swagger.web.ApiResourceController.swaggerResources()
2018-10-25 15:19:19 [INFO]-[org.springframework.web.servlet.mvc.method.annotation.RequestMappingHandlerMapping] Mapped "{[/swagger-resources/configuration/ui]}" onto public org.springframework.http.ResponseEntity<springfox.documentation.swagger.web.UiConfiguration> springfox.documentation.swagger.web.ApiResourceController.uiConfiguration()
2018-10-25 15:19:19 [INFO]-[org.springframework.web.servlet.mvc.method.annotation.RequestMappingHandlerMapping] Mapped "{[/error]}" onto public org.springframework.http.ResponseEntity<java.util.Map<java.lang.String, java.lang.Object>> org.springframework.boot.autoconfigure.web.servlet.error.BasicErrorController.error(javax.servlet.http.HttpServletRequest)
2018-10-25 15:19:19 [INFO]-[org.springframework.web.servlet.mvc.method.annotation.RequestMappingHandlerMapping] Mapped "{[/error],produces=[text/html]}" onto public org.springframework.web.servlet.ModelAndView org.springframework.boot.autoconfigure.web.servlet.error.BasicErrorController.errorHtml(javax.servlet.http.HttpServletRequest,javax.servlet.http.HttpServletResponse)
2018-10-25 15:19:19 [INFO]-[springfox.documentation.spring.web.PropertySourcedRequestMappingHandlerMapping] Mapped URL path [/v2/api-docs] onto method [public org.springframework.http.ResponseEntity<springfox.documentation.spring.web.json.Json> springfox.documentation.swagger2.web.Swagger2Controller.getDocumentation(java.lang.String,javax.servlet.http.HttpServletRequest)]
2018-10-25 15:19:19 [INFO]-[org.springframework.web.servlet.handler.SimpleUrlHandlerMapping] Mapped URL path [/**/favicon.ico] onto handler of type [class org.springframework.web.servlet.resource.ResourceHttpRequestHandler]
2018-10-25 15:19:20 [INFO]-[org.springframework.web.servlet.mvc.method.annotation.RequestMappingHandlerAdapter] Looking for @ControllerAdvice: org.springframework.boot.web.servlet.context.AnnotationConfigServletWebServerApplicationContext@a9f634: startup date [Thu Oct 25 15:19:18 CST 2018]; root of context hierarchy
2018-10-25 15:19:20 [INFO]-[org.springframework.web.servlet.handler.SimpleUrlHandlerMapping] Mapped URL path [/webjars/**] onto handler of type [class org.springframework.web.servlet.resource.ResourceHttpRequestHandler]
2018-10-25 15:19:20 [INFO]-[org.springframework.web.servlet.handler.SimpleUrlHandlerMapping] Mapped URL path [/**] onto handler of type [class org.springframework.web.servlet.resource.ResourceHttpRequestHandler]
2018-10-25 15:19:20 [INFO]-[org.springframework.boot.autoconfigure.web.servlet.WelcomePageHandlerMapping] Adding welcome page template: index
2018-10-25 15:19:20 [INFO]-[org.springframework.web.servlet.view.freemarker.FreeMarkerConfigurer] ClassTemplateLoader for Spring macros added to FreeMarker configuration
2018-10-25 15:19:20 [INFO]-[org.springframework.boot.devtools.autoconfigure.OptionalLiveReloadServer] LiveReload server is running on port 35729
2018-10-25 15:19:20 [INFO]-[org.springframework.jmx.export.annotation.AnnotationMBeanExporter] Registering beans for JMX exposure on startup
2018-10-25 15:19:20 [INFO]-[org.springframework.context.support.DefaultLifecycleProcessor] Starting beans in phase 2147483647
2018-10-25 15:19:20 [INFO]-[org.springframework.boot.web.embedded.tomcat.TomcatWebServer] Tomcat started on port(s): 8888 (http) with context path '/opc'
2018-10-25 15:19:20 [INFO]-[com.opc.demo.OpcdemoApplication] Started OpcdemoApplication in 2.306 seconds (JVM running for 3.059)
2018-10-25 15:19:27 [INFO]-[org.springframework.web.servlet.DispatcherServlet] FrameworkServlet 'dispatcherServlet': initialization started
2018-10-25 15:19:27 [INFO]-[org.springframework.web.servlet.DispatcherServlet] FrameworkServlet 'dispatcherServlet': initialization completed in 11 ms
2018-10-25 15:19:46 [INFO]-[org.springframework.boot.admin.SpringApplicationAdminMXBeanRegistrar$SpringApplicationAdmin] Application shutdown requested.
2018-10-25 15:19:46 [INFO]-[org.springframework.boot.web.servlet.context.AnnotationConfigServletWebServerApplicationContext] Closing org.springframework.boot.web.servlet.context.AnnotationConfigServletWebServerApplicationContext@a9f634: startup date [Thu Oct 25 15:19:18 CST 2018]; root of context hierarchy
2018-10-25 15:19:46 [INFO]-[org.springframework.context.support.DefaultLifecycleProcessor] Stopping beans in phase 2147483647
2018-10-25 15:19:46 [INFO]-[org.springframework.jmx.export.annotation.AnnotationMBeanExporter] Unregistering JMX-exposed beans on shutdown
2018-10-25 15:19:52 [INFO]-[com.opc.demo.OpcdemoApplication] Starting OpcdemoApplication on AlwaysFrin with PID 134988 (D:\STSTool\opc-client-tool\target\classes started by HP in D:\STSTool\opc-client-tool)
2018-10-25 15:19:52 [INFO]-[com.opc.demo.OpcdemoApplication] No active profile set, falling back to default profiles: default
2018-10-25 15:19:52 [INFO]-[org.springframework.boot.web.servlet.context.AnnotationConfigServletWebServerApplicationContext] Refreshing org.springframework.boot.web.servlet.context.AnnotationConfigServletWebServerApplicationContext@a9f634: startup date [Thu Oct 25 15:19:52 CST 2018]; root of context hierarchy
2018-10-25 15:19:53 [INFO]-[org.springframework.boot.web.embedded.tomcat.TomcatWebServer] Tomcat initialized with port(s): 8888 (http)
2018-10-25 15:19:53 [INFO]-[org.springframework.web.context.ContextLoader] Root WebApplicationContext: initialization completed in 1097 ms
2018-10-25 15:19:53 [INFO]-[org.springframework.boot.web.servlet.ServletRegistrationBean] Servlet dispatcherServlet mapped to [/]
2018-10-25 15:19:53 [INFO]-[org.springframework.boot.web.servlet.FilterRegistrationBean] Mapping filter: 'characterEncodingFilter' to: [/*]
2018-10-25 15:19:53 [INFO]-[org.springframework.boot.web.servlet.FilterRegistrationBean] Mapping filter: 'hiddenHttpMethodFilter' to: [/*]
2018-10-25 15:19:53 [INFO]-[org.springframework.boot.web.servlet.FilterRegistrationBean] Mapping filter: 'httpPutFormContentFilter' to: [/*]
2018-10-25 15:19:53 [INFO]-[org.springframework.boot.web.servlet.FilterRegistrationBean] Mapping filter: 'requestContextFilter' to: [/*]
2018-10-25 15:19:53 [INFO]-[org.springframework.web.servlet.mvc.method.annotation.RequestMappingHandlerMapping] Mapped "{[/query],methods=[POST]}" onto public com.opc.pojo.ResultBean com.opc.controller.OpcRestfulService.query(com.opc.pojo.OpcModel,javax.servlet.http.HttpServletResponse) throws java.io.IOException
2018-10-25 15:19:53 [INFO]-[org.springframework.web.servlet.mvc.method.annotation.RequestMappingHandlerMapping] Mapped "{[/edit],methods=[POST]}" onto public com.opc.pojo.ResultBean com.opc.controller.OpcRestfulService.edit(com.opc.pojo.OpcModel,java.lang.String,javax.servlet.http.HttpServletResponse) throws java.io.IOException
2018-10-25 15:19:53 [INFO]-[org.springframework.web.servlet.mvc.method.annotation.RequestMappingHandlerMapping] Mapped "{[/index],methods=[GET]}" onto public java.lang.String com.opc.controller.OpcService.index(org.springframework.ui.Model)
2018-10-25 15:19:53 [INFO]-[org.springframework.web.servlet.mvc.method.annotation.RequestMappingHandlerMapping] Mapped "{[/testopc],methods=[GET]}" onto public java.lang.String com.opc.controller.OpcService.getName()
2018-10-25 15:19:53 [INFO]-[org.springframework.web.servlet.mvc.method.annotation.RequestMappingHandlerMapping] Mapped "{[/queryparam],methods=[POST]}" onto public java.lang.String com.opc.controller.OpcService.queryparam(com.opc.pojo.OpcModel,org.springframework.ui.Model)
2018-10-25 15:19:53 [INFO]-[org.springframework.web.servlet.mvc.method.annotation.RequestMappingHandlerMapping] Mapped "{[/editparam],methods=[POST]}" onto public java.lang.String com.opc.controller.OpcService.editparam(com.opc.pojo.OpcModel,java.lang.String,org.springframework.ui.Model)
2018-10-25 15:19:53 [INFO]-[org.springframework.web.servlet.mvc.method.annotation.RequestMappingHandlerMapping] Mapped "{[/swagger-resources/configuration/security]}" onto public org.springframework.http.ResponseEntity<springfox.documentation.swagger.web.SecurityConfiguration> springfox.documentation.swagger.web.ApiResourceController.securityConfiguration()
2018-10-25 15:19:53 [INFO]-[org.springframework.web.servlet.mvc.method.annotation.RequestMappingHandlerMapping] Mapped "{[/swagger-resources]}" onto public org.springframework.http.ResponseEntity<java.util.List<springfox.documentation.swagger.web.SwaggerResource>> springfox.documentation.swagger.web.ApiResourceController.swaggerResources()
2018-10-25 15:19:53 [INFO]-[org.springframework.web.servlet.mvc.method.annotation.RequestMappingHandlerMapping] Mapped "{[/swagger-resources/configuration/ui]}" onto public org.springframework.http.ResponseEntity<springfox.documentation.swagger.web.UiConfiguration> springfox.documentation.swagger.web.ApiResourceController.uiConfiguration()
2018-10-25 15:19:53 [INFO]-[org.springframework.web.servlet.mvc.method.annotation.RequestMappingHandlerMapping] Mapped "{[/error]}" onto public org.springframework.http.ResponseEntity<java.util.Map<java.lang.String, java.lang.Object>> org.springframework.boot.autoconfigure.web.servlet.error.BasicErrorController.error(javax.servlet.http.HttpServletRequest)
2018-10-25 15:19:53 [INFO]-[org.springframework.web.servlet.mvc.method.annotation.RequestMappingHandlerMapping] Mapped "{[/error],produces=[text/html]}" onto public org.springframework.web.servlet.ModelAndView org.springframework.boot.autoconfigure.web.servlet.error.BasicErrorController.errorHtml(javax.servlet.http.HttpServletRequest,javax.servlet.http.HttpServletResponse)
2018-10-25 15:19:53 [INFO]-[springfox.documentation.spring.web.PropertySourcedRequestMappingHandlerMapping] Mapped URL path [/v2/api-docs] onto method [public org.springframework.http.ResponseEntity<springfox.documentation.spring.web.json.Json> springfox.documentation.swagger2.web.Swagger2Controller.getDocumentation(java.lang.String,javax.servlet.http.HttpServletRequest)]
2018-10-25 15:19:53 [INFO]-[org.springframework.web.servlet.handler.SimpleUrlHandlerMapping] Mapped URL path [/**/favicon.ico] onto handler of type [class org.springframework.web.servlet.resource.ResourceHttpRequestHandler]
2018-10-25 15:19:53 [INFO]-[org.springframework.web.servlet.mvc.method.annotation.RequestMappingHandlerAdapter] Looking for @ControllerAdvice: org.springframework.boot.web.servlet.context.AnnotationConfigServletWebServerApplicationContext@a9f634: startup date [Thu Oct 25 15:19:52 CST 2018]; root of context hierarchy
2018-10-25 15:19:53 [INFO]-[org.springframework.web.servlet.handler.SimpleUrlHandlerMapping] Mapped URL path [/webjars/**] onto handler of type [class org.springframework.web.servlet.resource.ResourceHttpRequestHandler]
2018-10-25 15:19:53 [INFO]-[org.springframework.web.servlet.handler.SimpleUrlHandlerMapping] Mapped URL path [/**] onto handler of type [class org.springframework.web.servlet.resource.ResourceHttpRequestHandler]
2018-10-25 15:19:53 [INFO]-[org.springframework.boot.autoconfigure.web.servlet.WelcomePageHandlerMapping] Adding welcome page template: index
2018-10-25 15:19:54 [INFO]-[org.springframework.web.servlet.view.freemarker.FreeMarkerConfigurer] ClassTemplateLoader for Spring macros added to FreeMarker configuration
2018-10-25 15:19:54 [INFO]-[org.springframework.boot.devtools.autoconfigure.OptionalLiveReloadServer] LiveReload server is running on port 35729
2018-10-25 15:19:54 [INFO]-[org.springframework.jmx.export.annotation.AnnotationMBeanExporter] Registering beans for JMX exposure on startup
2018-10-25 15:19:54 [INFO]-[org.springframework.context.support.DefaultLifecycleProcessor] Starting beans in phase 2147483647
2018-10-25 15:19:54 [INFO]-[org.springframework.boot.web.embedded.tomcat.TomcatWebServer] Tomcat started on port(s): 8888 (http) with context path '/opc'
2018-10-25 15:19:54 [INFO]-[com.opc.demo.OpcdemoApplication] Started OpcdemoApplication in 2.385 seconds (JVM running for 3.114)
2018-10-25 15:19:56 [INFO]-[org.springframework.web.servlet.DispatcherServlet] FrameworkServlet 'dispatcherServlet': initialization started
2018-10-25 15:19:56 [INFO]-[org.springframework.web.servlet.DispatcherServlet] FrameworkServlet 'dispatcherServlet': initialization completed in 16 ms
2018-10-25 15:20:45 [INFO]-[org.springframework.boot.web.servlet.context.AnnotationConfigServletWebServerApplicationContext] Closing org.springframework.boot.web.servlet.context.AnnotationConfigServletWebServerApplicationContext@a9f634: startup date [Thu Oct 25 15:19:52 CST 2018]; root of context hierarchy
2018-10-25 15:20:45 [INFO]-[org.springframework.context.support.DefaultLifecycleProcessor] Stopping beans in phase 2147483647
2018-10-25 15:20:45 [INFO]-[org.springframework.jmx.export.annotation.AnnotationMBeanExporter] Unregistering JMX-exposed beans on shutdown
2018-10-25 15:20:46 [INFO]-[com.opc.demo.OpcdemoApplication] Starting OpcdemoApplication on AlwaysFrin with PID 134988 (D:\STSTool\opc-client-tool\target\classes started by HP in D:\STSTool\opc-client-tool)
2018-10-25 15:20:46 [INFO]-[com.opc.demo.OpcdemoApplication] No active profile set, falling back to default profiles: default
2018-10-25 15:20:46 [INFO]-[org.springframework.boot.web.servlet.context.AnnotationConfigServletWebServerApplicationContext] Refreshing org.springframework.boot.web.servlet.context.AnnotationConfigServletWebServerApplicationContext@7c3195: startup date [Thu Oct 25 15:20:46 CST 2018]; root of context hierarchy
2018-10-25 15:20:46 [INFO]-[org.springframework.boot.web.embedded.tomcat.TomcatWebServer] Tomcat initialized with port(s): 8888 (http)
2018-10-25 15:20:46 [INFO]-[org.springframework.web.context.ContextLoader] Root WebApplicationContext: initialization completed in 404 ms
2018-10-25 15:20:46 [INFO]-[org.springframework.boot.web.servlet.ServletRegistrationBean] Servlet dispatcherServlet mapped to [/]
2018-10-25 15:20:46 [INFO]-[org.springframework.boot.web.servlet.FilterRegistrationBean] Mapping filter: 'characterEncodingFilter' to: [/*]
2018-10-25 15:20:46 [INFO]-[org.springframework.boot.web.servlet.FilterRegistrationBean] Mapping filter: 'hiddenHttpMethodFilter' to: [/*]
2018-10-25 15:20:46 [INFO]-[org.springframework.boot.web.servlet.FilterRegistrationBean] Mapping filter: 'httpPutFormContentFilter' to: [/*]
2018-10-25 15:20:46 [INFO]-[org.springframework.boot.web.servlet.FilterRegistrationBean] Mapping filter: 'requestContextFilter' to: [/*]
2018-10-25 15:20:46 [INFO]-[org.springframework.web.servlet.mvc.method.annotation.RequestMappingHandlerMapping] Mapped "{[/query],methods=[POST]}" onto public com.opc.pojo.ResultBean com.opc.controller.OpcRestfulService.query(com.opc.pojo.OpcModel,javax.servlet.http.HttpServletResponse) throws java.io.IOException
2018-10-25 15:20:46 [INFO]-[org.springframework.web.servlet.mvc.method.annotation.RequestMappingHandlerMapping] Mapped "{[/edit],methods=[POST]}" onto public com.opc.pojo.ResultBean com.opc.controller.OpcRestfulService.edit(com.opc.pojo.OpcModel,java.lang.String,javax.servlet.http.HttpServletResponse) throws java.io.IOException
2018-10-25 15:20:46 [INFO]-[org.springframework.web.servlet.mvc.method.annotation.RequestMappingHandlerMapping] Mapped "{[/index],methods=[GET]}" onto public java.lang.String com.opc.controller.OpcService.index(org.springframework.ui.Model)
2018-10-25 15:20:46 [INFO]-[org.springframework.web.servlet.mvc.method.annotation.RequestMappingHandlerMapping] Mapped "{[/testopc],methods=[GET]}" onto public java.lang.String com.opc.controller.OpcService.getName()
2018-10-25 15:20:46 [INFO]-[org.springframework.web.servlet.mvc.method.annotation.RequestMappingHandlerMapping] Mapped "{[/queryparam],methods=[POST]}" onto public java.lang.String com.opc.controller.OpcService.queryparam(com.opc.pojo.OpcModel,org.springframework.ui.Model)
2018-10-25 15:20:46 [INFO]-[org.springframework.web.servlet.mvc.method.annotation.RequestMappingHandlerMapping] Mapped "{[/editparam],methods=[POST]}" onto public java.lang.String com.opc.controller.OpcService.editparam(com.opc.pojo.OpcModel,java.lang.String,org.springframework.ui.Model)
2018-10-25 15:20:46 [INFO]-[org.springframework.web.servlet.mvc.method.annotation.RequestMappingHandlerMapping] Mapped "{[/swagger-resources/configuration/security]}" onto public org.springframework.http.ResponseEntity<springfox.documentation.swagger.web.SecurityConfiguration> springfox.documentation.swagger.web.ApiResourceController.securityConfiguration()
2018-10-25 15:20:46 [INFO]-[org.springframework.web.servlet.mvc.method.annotation.RequestMappingHandlerMapping] Mapped "{[/swagger-resources]}" onto public org.springframework.http.ResponseEntity<java.util.List<springfox.documentation.swagger.web.SwaggerResource>> springfox.documentation.swagger.web.ApiResourceController.swaggerResources()
2018-10-25 15:20:46 [INFO]-[org.springframework.web.servlet.mvc.method.annotation.RequestMappingHandlerMapping] Mapped "{[/swagger-resources/configuration/ui]}" onto public org.springframework.http.ResponseEntity<springfox.documentation.swagger.web.UiConfiguration> springfox.documentation.swagger.web.ApiResourceController.uiConfiguration()
2018-10-25 15:20:46 [INFO]-[org.springframework.web.servlet.mvc.method.annotation.RequestMappingHandlerMapping] Mapped "{[/error]}" onto public org.springframework.http.ResponseEntity<java.util.Map<java.lang.String, java.lang.Object>> org.springframework.boot.autoconfigure.web.servlet.error.BasicErrorController.error(javax.servlet.http.HttpServletRequest)
2018-10-25 15:20:46 [INFO]-[org.springframework.web.servlet.mvc.method.annotation.RequestMappingHandlerMapping] Mapped "{[/error],produces=[text/html]}" onto public org.springframework.web.servlet.ModelAndView org.springframework.boot.autoconfigure.web.servlet.error.BasicErrorController.errorHtml(javax.servlet.http.HttpServletRequest,javax.servlet.http.HttpServletResponse)
2018-10-25 15:20:46 [INFO]-[springfox.documentation.spring.web.PropertySourcedRequestMappingHandlerMapping] Mapped URL path [/v2/api-docs] onto method [public org.springframework.http.ResponseEntity<springfox.documentation.spring.web.json.Json> springfox.documentation.swagger2.web.Swagger2Controller.getDocumentation(java.lang.String,javax.servlet.http.HttpServletRequest)]
2018-10-25 15:20:46 [INFO]-[org.springframework.web.servlet.handler.SimpleUrlHandlerMapping] Mapped URL path [/**/favicon.ico] onto handler of type [class org.springframework.web.servlet.resource.ResourceHttpRequestHandler]
2018-10-25 15:20:46 [INFO]-[org.springframework.web.servlet.mvc.method.annotation.RequestMappingHandlerAdapter] Looking for @ControllerAdvice: org.springframework.boot.web.servlet.context.AnnotationConfigServletWebServerApplicationContext@7c3195: startup date [Thu Oct 25 15:20:46 CST 2018]; root of context hierarchy
2018-10-25 15:20:46 [INFO]-[org.springframework.web.servlet.handler.SimpleUrlHandlerMapping] Mapped URL path [/webjars/**] onto handler of type [class org.springframework.web.servlet.resource.ResourceHttpRequestHandler]
2018-10-25 15:20:46 [INFO]-[org.springframework.web.servlet.handler.SimpleUrlHandlerMapping] Mapped URL path [/**] onto handler of type [class org.springframework.web.servlet.resource.ResourceHttpRequestHandler]
2018-10-25 15:20:46 [INFO]-[org.springframework.boot.autoconfigure.web.servlet.WelcomePageHandlerMapping] Adding welcome page template: index
2018-10-25 15:20:46 [INFO]-[org.springframework.web.servlet.view.freemarker.FreeMarkerConfigurer] ClassTemplateLoader for Spring macros added to FreeMarker configuration
2018-10-25 15:20:46 [INFO]-[org.springframework.boot.devtools.autoconfigure.OptionalLiveReloadServer] LiveReload server is running on port 35729
2018-10-25 15:20:46 [INFO]-[org.springframework.jmx.export.annotation.AnnotationMBeanExporter] Registering beans for JMX exposure on startup
2018-10-25 15:20:46 [INFO]-[org.springframework.context.support.DefaultLifecycleProcessor] Starting beans in phase 2147483647
2018-10-25 15:20:47 [INFO]-[org.springframework.boot.web.embedded.tomcat.TomcatWebServer] Tomcat started on port(s): 8888 (http) with context path '/opc'
2018-10-25 15:20:47 [INFO]-[com.opc.demo.OpcdemoApplication] Started OpcdemoApplication in 0.743 seconds (JVM running for 55.789)
2018-10-25 15:20:47 [INFO]-[org.springframework.boot.devtools.autoconfigure.ConditionEvaluationDeltaLoggingListener] Condition evaluation unchanged
2018-10-25 15:20:48 [INFO]-[org.springframework.boot.admin.SpringApplicationAdminMXBeanRegistrar$SpringApplicationAdmin] Application shutdown requested.
2018-10-25 15:20:48 [INFO]-[org.springframework.boot.web.servlet.context.AnnotationConfigServletWebServerApplicationContext] Closing org.springframework.boot.web.servlet.context.AnnotationConfigServletWebServerApplicationContext@7c3195: startup date [Thu Oct 25 15:20:46 CST 2018]; root of context hierarchy
2018-10-25 15:20:48 [INFO]-[org.springframework.context.support.DefaultLifecycleProcessor] Stopping beans in phase 2147483647
2018-10-25 15:20:48 [INFO]-[org.springframework.jmx.export.annotation.AnnotationMBeanExporter] Unregistering JMX-exposed beans on shutdown
2018-10-25 15:21:14 [INFO]-[com.opc.demo.OpcdemoApplication] Starting OpcdemoApplication on AlwaysFrin with PID 90616 (D:\STSTool\opc-client-tool\target\classes started by HP in D:\STSTool\opc-client-tool)
2018-10-25 15:21:14 [INFO]-[com.opc.demo.OpcdemoApplication] No active profile set, falling back to default profiles: default
2018-10-25 15:21:14 [INFO]-[org.springframework.boot.web.servlet.context.AnnotationConfigServletWebServerApplicationContext] Refreshing org.springframework.boot.web.servlet.context.AnnotationConfigServletWebServerApplicationContext@1f5bfb0: startup date [Thu Oct 25 15:21:14 CST 2018]; root of context hierarchy
2018-10-25 15:21:15 [INFO]-[org.springframework.boot.web.embedded.tomcat.TomcatWebServer] Tomcat initialized with port(s): 8888 (http)
2018-10-25 15:21:15 [INFO]-[org.springframework.web.context.ContextLoader] Root WebApplicationContext: initialization completed in 1058 ms
2018-10-25 15:21:15 [INFO]-[org.springframework.boot.web.servlet.ServletRegistrationBean] Servlet dispatcherServlet mapped to [/]
2018-10-25 15:21:15 [INFO]-[org.springframework.boot.web.servlet.FilterRegistrationBean] Mapping filter: 'characterEncodingFilter' to: [/*]
2018-10-25 15:21:15 [INFO]-[org.springframework.boot.web.servlet.FilterRegistrationBean] Mapping filter: 'hiddenHttpMethodFilter' to: [/*]
2018-10-25 15:21:15 [INFO]-[org.springframework.boot.web.servlet.FilterRegistrationBean] Mapping filter: 'httpPutFormContentFilter' to: [/*]
2018-10-25 15:21:15 [INFO]-[org.springframework.boot.web.servlet.FilterRegistrationBean] Mapping filter: 'requestContextFilter' to: [/*]
2018-10-25 15:21:15 [INFO]-[org.springframework.web.servlet.mvc.method.annotation.RequestMappingHandlerMapping] Mapped "{[/query],methods=[POST]}" onto public com.opc.pojo.ResultBean com.opc.controller.OpcRestfulService.query(com.opc.pojo.OpcModel,javax.servlet.http.HttpServletResponse) throws java.io.IOException
2018-10-25 15:21:15 [INFO]-[org.springframework.web.servlet.mvc.method.annotation.RequestMappingHandlerMapping] Mapped "{[/edit],methods=[POST]}" onto public com.opc.pojo.ResultBean com.opc.controller.OpcRestfulService.edit(com.opc.pojo.OpcModel,java.lang.String,javax.servlet.http.HttpServletResponse) throws java.io.IOException
2018-10-25 15:21:15 [INFO]-[org.springframework.web.servlet.mvc.method.annotation.RequestMappingHandlerMapping] Mapped "{[/index],methods=[GET]}" onto public java.lang.String com.opc.controller.OpcService.index(org.springframework.ui.Model)
2018-10-25 15:21:15 [INFO]-[org.springframework.web.servlet.mvc.method.annotation.RequestMappingHandlerMapping] Mapped "{[/testopc],methods=[GET]}" onto public java.lang.String com.opc.controller.OpcService.getName()
2018-10-25 15:21:15 [INFO]-[org.springframework.web.servlet.mvc.method.annotation.RequestMappingHandlerMapping] Mapped "{[/queryparam],methods=[POST]}" onto public java.lang.String com.opc.controller.OpcService.queryparam(com.opc.pojo.OpcModel,org.springframework.ui.Model)
2018-10-25 15:21:15 [INFO]-[org.springframework.web.servlet.mvc.method.annotation.RequestMappingHandlerMapping] Mapped "{[/editparam],methods=[POST]}" onto public java.lang.String com.opc.controller.OpcService.editparam(com.opc.pojo.OpcModel,java.lang.String,org.springframework.ui.Model)
2018-10-25 15:21:15 [INFO]-[org.springframework.web.servlet.mvc.method.annotation.RequestMappingHandlerMapping] Mapped "{[/swagger-resources/configuration/security]}" onto public org.springframework.http.ResponseEntity<springfox.documentation.swagger.web.SecurityConfiguration> springfox.documentation.swagger.web.ApiResourceController.securityConfiguration()
2018-10-25 15:21:15 [INFO]-[org.springframework.web.servlet.mvc.method.annotation.RequestMappingHandlerMapping] Mapped "{[/swagger-resources/configuration/ui]}" onto public org.springframework.http.ResponseEntity<springfox.documentation.swagger.web.UiConfiguration> springfox.documentation.swagger.web.ApiResourceController.uiConfiguration()
2018-10-25 15:21:15 [INFO]-[org.springframework.web.servlet.mvc.method.annotation.RequestMappingHandlerMapping] Mapped "{[/swagger-resources]}" onto public org.springframework.http.ResponseEntity<java.util.List<springfox.documentation.swagger.web.SwaggerResource>> springfox.documentation.swagger.web.ApiResourceController.swaggerResources()
2018-10-25 15:21:15 [INFO]-[org.springframework.web.servlet.mvc.method.annotation.RequestMappingHandlerMapping] Mapped "{[/error]}" onto public org.springframework.http.ResponseEntity<java.util.Map<java.lang.String, java.lang.Object>> org.springframework.boot.autoconfigure.web.servlet.error.BasicErrorController.error(javax.servlet.http.HttpServletRequest)
2018-10-25 15:21:15 [INFO]-[org.springframework.web.servlet.mvc.method.annotation.RequestMappingHandlerMapping] Mapped "{[/error],produces=[text/html]}" onto public org.springframework.web.servlet.ModelAndView org.springframework.boot.autoconfigure.web.servlet.error.BasicErrorController.errorHtml(javax.servlet.http.HttpServletRequest,javax.servlet.http.HttpServletResponse)
2018-10-25 15:21:15 [INFO]-[springfox.documentation.spring.web.PropertySourcedRequestMappingHandlerMapping] Mapped URL path [/v2/api-docs] onto method [public org.springframework.http.ResponseEntity<springfox.documentation.spring.web.json.Json> springfox.documentation.swagger2.web.Swagger2Controller.getDocumentation(java.lang.String,javax.servlet.http.HttpServletRequest)]
2018-10-25 15:21:15 [INFO]-[org.springframework.web.servlet.handler.SimpleUrlHandlerMapping] Mapped URL path [/**/favicon.ico] onto handler of type [class org.springframework.web.servlet.resource.ResourceHttpRequestHandler]
2018-10-25 15:21:15 [INFO]-[org.springframework.web.servlet.mvc.method.annotation.RequestMappingHandlerAdapter] Looking for @ControllerAdvice: org.springframework.boot.web.servlet.context.AnnotationConfigServletWebServerApplicationContext@1f5bfb0: startup date [Thu Oct 25 15:21:14 CST 2018]; root of context hierarchy
2018-10-25 15:21:16 [INFO]-[org.springframework.web.servlet.handler.SimpleUrlHandlerMapping] Mapped URL path [/webjars/**] onto handler of type [class org.springframework.web.servlet.resource.ResourceHttpRequestHandler]
2018-10-25 15:21:16 [INFO]-[org.springframework.web.servlet.handler.SimpleUrlHandlerMapping] Mapped URL path [/**] onto handler of type [class org.springframework.web.servlet.resource.ResourceHttpRequestHandler]
2018-10-25 15:21:16 [INFO]-[org.springframework.boot.autoconfigure.web.servlet.WelcomePageHandlerMapping] Adding welcome page template: index
2018-10-25 15:21:16 [INFO]-[org.springframework.web.servlet.view.freemarker.FreeMarkerConfigurer] ClassTemplateLoader for Spring macros added to FreeMarker configuration
2018-10-25 15:21:16 [INFO]-[org.springframework.boot.devtools.autoconfigure.OptionalLiveReloadServer] LiveReload server is running on port 35729
2018-10-25 15:21:16 [INFO]-[org.springframework.jmx.export.annotation.AnnotationMBeanExporter] Registering beans for JMX exposure on startup
2018-10-25 15:21:16 [INFO]-[org.springframework.context.support.DefaultLifecycleProcessor] Starting beans in phase 2147483647
2018-10-25 15:21:16 [INFO]-[org.springframework.boot.web.embedded.tomcat.TomcatWebServer] Tomcat started on port(s): 8888 (http) with context path '/opc'
2018-10-25 15:21:16 [INFO]-[com.opc.demo.OpcdemoApplication] Started OpcdemoApplication in 2.317 seconds (JVM running for 3.047)
2018-10-25 15:21:20 [INFO]-[org.springframework.web.servlet.DispatcherServlet] FrameworkServlet 'dispatcherServlet': initialization started
2018-10-25 15:21:20 [INFO]-[org.springframework.web.servlet.DispatcherServlet] FrameworkServlet 'dispatcherServlet': initialization completed in 12 ms
2018-10-25 15:21:35 [INFO]-[org.springframework.boot.web.servlet.context.AnnotationConfigServletWebServerApplicationContext] Closing org.springframework.boot.web.servlet.context.AnnotationConfigServletWebServerApplicationContext@1f5bfb0: startup date [Thu Oct 25 15:21:14 CST 2018]; root of context hierarchy
2018-10-25 15:21:35 [INFO]-[org.springframework.context.support.DefaultLifecycleProcessor] Stopping beans in phase 2147483647
2018-10-25 15:21:35 [INFO]-[org.springframework.jmx.export.annotation.AnnotationMBeanExporter] Unregistering JMX-exposed beans on shutdown
2018-10-25 15:21:35 [INFO]-[com.opc.demo.OpcdemoApplication] Starting OpcdemoApplication on AlwaysFrin with PID 90616 (D:\STSTool\opc-client-tool\target\classes started by HP in D:\STSTool\opc-client-tool)
2018-10-25 15:21:35 [INFO]-[com.opc.demo.OpcdemoApplication] No active profile set, falling back to default profiles: default
2018-10-25 15:21:35 [INFO]-[org.springframework.boot.web.servlet.context.AnnotationConfigServletWebServerApplicationContext] Refreshing org.springframework.boot.web.servlet.context.AnnotationConfigServletWebServerApplicationContext@ea4838: startup date [Thu Oct 25 15:21:35 CST 2018]; root of context hierarchy
2018-10-25 15:21:36 [INFO]-[org.springframework.boot.web.embedded.tomcat.TomcatWebServer] Tomcat initialized with port(s): 8888 (http)
2018-10-25 15:21:36 [INFO]-[org.springframework.web.context.ContextLoader] Root WebApplicationContext: initialization completed in 409 ms
2018-10-25 15:21:36 [INFO]-[org.springframework.boot.web.servlet.ServletRegistrationBean] Servlet dispatcherServlet mapped to [/]
2018-10-25 15:21:36 [INFO]-[org.springframework.boot.web.servlet.FilterRegistrationBean] Mapping filter: 'characterEncodingFilter' to: [/*]
2018-10-25 15:21:36 [INFO]-[org.springframework.boot.web.servlet.FilterRegistrationBean] Mapping filter: 'hiddenHttpMethodFilter' to: [/*]
2018-10-25 15:21:36 [INFO]-[org.springframework.boot.web.servlet.FilterRegistrationBean] Mapping filter: 'httpPutFormContentFilter' to: [/*]
2018-10-25 15:21:36 [INFO]-[org.springframework.boot.web.servlet.FilterRegistrationBean] Mapping filter: 'requestContextFilter' to: [/*]
2018-10-25 15:21:36 [INFO]-[org.springframework.web.servlet.mvc.method.annotation.RequestMappingHandlerMapping] Mapped "{[/query],methods=[POST]}" onto public com.opc.pojo.ResultBean com.opc.controller.OpcRestfulService.query(com.opc.pojo.OpcModel,javax.servlet.http.HttpServletResponse) throws java.io.IOException
2018-10-25 15:21:36 [INFO]-[org.springframework.web.servlet.mvc.method.annotation.RequestMappingHandlerMapping] Mapped "{[/edit],methods=[POST]}" onto public com.opc.pojo.ResultBean com.opc.controller.OpcRestfulService.edit(com.opc.pojo.OpcModel,java.lang.String,javax.servlet.http.HttpServletResponse) throws java.io.IOException
2018-10-25 15:21:36 [INFO]-[org.springframework.web.servlet.mvc.method.annotation.RequestMappingHandlerMapping] Mapped "{[/index],methods=[GET]}" onto public java.lang.String com.opc.controller.OpcService.index(org.springframework.ui.Model)
2018-10-25 15:21:36 [INFO]-[org.springframework.web.servlet.mvc.method.annotation.RequestMappingHandlerMapping] Mapped "{[/testopc],methods=[GET]}" onto public java.lang.String com.opc.controller.OpcService.getName()
2018-10-25 15:21:36 [INFO]-[org.springframework.web.servlet.mvc.method.annotation.RequestMappingHandlerMapping] Mapped "{[/queryparam],methods=[POST]}" onto public java.lang.String com.opc.controller.OpcService.queryparam(com.opc.pojo.OpcModel,org.springframework.ui.Model)
2018-10-25 15:21:36 [INFO]-[org.springframework.web.servlet.mvc.method.annotation.RequestMappingHandlerMapping] Mapped "{[/editparam],methods=[POST]}" onto public java.lang.String com.opc.controller.OpcService.editparam(com.opc.pojo.OpcModel,java.lang.String,org.springframework.ui.Model)
2018-10-25 15:21:36 [INFO]-[org.springframework.web.servlet.mvc.method.annotation.RequestMappingHandlerMapping] Mapped "{[/swagger-resources/configuration/security]}" onto public org.springframework.http.ResponseEntity<springfox.documentation.swagger.web.SecurityConfiguration> springfox.documentation.swagger.web.ApiResourceController.securityConfiguration()
2018-10-25 15:21:36 [INFO]-[org.springframework.web.servlet.mvc.method.annotation.RequestMappingHandlerMapping] Mapped "{[/swagger-resources/configuration/ui]}" onto public org.springframework.http.ResponseEntity<springfox.documentation.swagger.web.UiConfiguration> springfox.documentation.swagger.web.ApiResourceController.uiConfiguration()
2018-10-25 15:21:36 [INFO]-[org.springframework.web.servlet.mvc.method.annotation.RequestMappingHandlerMapping] Mapped "{[/swagger-resources]}" onto public org.springframework.http.ResponseEntity<java.util.List<springfox.documentation.swagger.web.SwaggerResource>> springfox.documentation.swagger.web.ApiResourceController.swaggerResources()
2018-10-25 15:21:36 [INFO]-[org.springframework.web.servlet.mvc.method.annotation.RequestMappingHandlerMapping] Mapped "{[/error]}" onto public org.springframework.http.ResponseEntity<java.util.Map<java.lang.String, java.lang.Object>> org.springframework.boot.autoconfigure.web.servlet.error.BasicErrorController.error(javax.servlet.http.HttpServletRequest)
2018-10-25 15:21:36 [INFO]-[org.springframework.web.servlet.mvc.method.annotation.RequestMappingHandlerMapping] Mapped "{[/error],produces=[text/html]}" onto public org.springframework.web.servlet.ModelAndView org.springframework.boot.autoconfigure.web.servlet.error.BasicErrorController.errorHtml(javax.servlet.http.HttpServletRequest,javax.servlet.http.HttpServletResponse)
2018-10-25 15:21:36 [INFO]-[springfox.documentation.spring.web.PropertySourcedRequestMappingHandlerMapping] Mapped URL path [/v2/api-docs] onto method [public org.springframework.http.ResponseEntity<springfox.documentation.spring.web.json.Json> springfox.documentation.swagger2.web.Swagger2Controller.getDocumentation(java.lang.String,javax.servlet.http.HttpServletRequest)]
2018-10-25 15:21:36 [INFO]-[org.springframework.web.servlet.handler.SimpleUrlHandlerMapping] Mapped URL path [/**/favicon.ico] onto handler of type [class org.springframework.web.servlet.resource.ResourceHttpRequestHandler]
2018-10-25 15:21:36 [INFO]-[org.springframework.web.servlet.mvc.method.annotation.RequestMappingHandlerAdapter] Looking for @ControllerAdvice: org.springframework.boot.web.servlet.context.AnnotationConfigServletWebServerApplicationContext@ea4838: startup date [Thu Oct 25 15:21:35 CST 2018]; root of context hierarchy
2018-10-25 15:21:36 [INFO]-[org.springframework.web.servlet.handler.SimpleUrlHandlerMapping] Mapped URL path [/webjars/**] onto handler of type [class org.springframework.web.servlet.resource.ResourceHttpRequestHandler]
2018-10-25 15:21:36 [INFO]-[org.springframework.web.servlet.handler.SimpleUrlHandlerMapping] Mapped URL path [/**] onto handler of type [class org.springframework.web.servlet.resource.ResourceHttpRequestHandler]
2018-10-25 15:21:36 [INFO]-[org.springframework.boot.autoconfigure.web.servlet.WelcomePageHandlerMapping] Adding welcome page template: index
2018-10-25 15:21:36 [INFO]-[org.springframework.web.servlet.view.freemarker.FreeMarkerConfigurer] ClassTemplateLoader for Spring macros added to FreeMarker configuration
2018-10-25 15:21:36 [INFO]-[org.springframework.boot.devtools.autoconfigure.OptionalLiveReloadServer] LiveReload server is running on port 35729
2018-10-25 15:21:36 [INFO]-[org.springframework.jmx.export.annotation.AnnotationMBeanExporter] Registering beans for JMX exposure on startup
2018-10-25 15:21:36 [INFO]-[org.springframework.context.support.DefaultLifecycleProcessor] Starting beans in phase 2147483647
2018-10-25 15:21:36 [INFO]-[org.springframework.boot.web.embedded.tomcat.TomcatWebServer] Tomcat started on port(s): 8888 (http) with context path '/opc'
2018-10-25 15:21:36 [INFO]-[com.opc.demo.OpcdemoApplication] Started OpcdemoApplication in 0.745 seconds (JVM running for 23.067)
2018-10-25 15:21:36 [INFO]-[org.springframework.boot.devtools.autoconfigure.ConditionEvaluationDeltaLoggingListener] Condition evaluation unchanged
2018-10-25 15:25:16 [INFO]-[org.springframework.boot.admin.SpringApplicationAdminMXBeanRegistrar$SpringApplicationAdmin] Application shutdown requested.
2018-10-25 15:25:16 [INFO]-[org.springframework.boot.web.servlet.context.AnnotationConfigServletWebServerApplicationContext] Closing org.springframework.boot.web.servlet.context.AnnotationConfigServletWebServerApplicationContext@ea4838: startup date [Thu Oct 25 15:21:35 CST 2018]; root of context hierarchy
2018-10-25 15:25:16 [INFO]-[org.springframework.context.support.DefaultLifecycleProcessor] Stopping beans in phase 2147483647
2018-10-25 15:25:16 [INFO]-[org.springframework.jmx.export.annotation.AnnotationMBeanExporter] Unregistering JMX-exposed beans on shutdown
